[0.121s] Invoking command in '/home/raz/projects/ros2_advanced_concepts/ros2_ws/build/my_robot_interfaces': CMAKE_PREFIX_PATH=${CMAKE_PREFIX_PATH}:/home/raz/projects/ros2_advanced_concepts/ros2_ws/install/actions_py:/home/raz/projects/manipulator-project/Arduino-Bot/arduinobot_ws/install/arduinobot_py_examples:/home/raz/ros2_ws/install/centerofmass_detection:/home/raz/projects/manipulator-project/arduinobot_ws/install/arduinobot_py_examples:/opt/ros/humble /usr/local/bin/cmake --build /home/raz/projects/ros2_advanced_concepts/ros2_ws/build/my_robot_interfaces -- -j12 -l12
[0.556s] [  0%] Built target ament_cmake_python_symlink_my_robot_interfaces
[0.562s] [  3%] Built target my_robot_interfaces__cpp
[0.665s] [ 12%] Built target my_robot_interfaces__rosidl_generator_c
[0.912s] [ 22%] Built target my_robot_interfaces__rosidl_typesupport_c
[0.941s] [ 38%] Built target my_robot_interfaces__rosidl_typesupport_introspection_c
[0.941s] [ 41%] Built target my_robot_interfaces__rosidl_typesupport_cpp
[0.959s] [ 51%] Built target my_robot_interfaces__rosidl_typesupport_introspection_cpp
[0.981s] [ 70%] Built target my_robot_interfaces__rosidl_typesupport_fastrtps_c
[0.981s] [ 70%] Built target my_robot_interfaces__rosidl_typesupport_fastrtps_cpp
[0.987s] [ 70%] Built target my_robot_interfaces
[1.031s] [ 74%] Built target my_robot_interfaces__py
[1.075s] [ 80%] Built target my_robot_interfaces__rosidl_generator_py
[1.132s] [ 87%] Built target my_robot_interfaces__rosidl_typesupport_fastrtps_c__pyext
[1.158s] [ 93%] Built target my_robot_interfaces__rosidl_typesupport_c__pyext
[1.158s] [100%] Built target my_robot_interfaces__rosidl_typesupport_introspection_c__pyext
[1.182s] running egg_info
[1.202s] writing my_robot_interfaces.egg-info/PKG-INFO
[1.203s] writing dependency_links to my_robot_interfaces.egg-info/dependency_links.txt
[1.203s] writing top-level names to my_robot_interfaces.egg-info/top_level.txt
[1.263s] reading manifest file 'my_robot_interfaces.egg-info/SOURCES.txt'
[1.298s] writing manifest file 'my_robot_interfaces.egg-info/SOURCES.txt'
[1.317s] [100%] Built target ament_cmake_python_build_my_robot_interfaces_egg
[1.320s] Invoked command in '/home/raz/projects/ros2_advanced_concepts/ros2_ws/build/my_robot_interfaces' returned '0': CMAKE_PREFIX_PATH=${CMAKE_PREFIX_PATH}:/home/raz/projects/ros2_advanced_concepts/ros2_ws/install/actions_py:/home/raz/projects/manipulator-project/Arduino-Bot/arduinobot_ws/install/arduinobot_py_examples:/home/raz/ros2_ws/install/centerofmass_detection:/home/raz/projects/manipulator-project/arduinobot_ws/install/arduinobot_py_examples:/opt/ros/humble /usr/local/bin/cmake --build /home/raz/projects/ros2_advanced_concepts/ros2_ws/build/my_robot_interfaces -- -j12 -l12
[1.363s] Invoking command in '/home/raz/projects/ros2_advanced_concepts/ros2_ws/build/my_robot_interfaces': CMAKE_PREFIX_PATH=${CMAKE_PREFIX_PATH}:/home/raz/projects/ros2_advanced_concepts/ros2_ws/install/actions_py:/home/raz/projects/manipulator-project/Arduino-Bot/arduinobot_ws/install/arduinobot_py_examples:/home/raz/ros2_ws/install/centerofmass_detection:/home/raz/projects/manipulator-project/arduinobot_ws/install/arduinobot_py_examples:/opt/ros/humble /usr/local/bin/cmake --install /home/raz/projects/ros2_advanced_concepts/ros2_ws/build/my_robot_interfaces
[1.382s] -- Install configuration: ""
[1.406s] -- Execute custom install script
[1.406s] -- Up-to-date symlink: /home/raz/projects/ros2_advanced_concepts/ros2_ws/install/my_robot_interfaces/share/ament_index/resource_index/rosidl_interfaces/my_robot_interfaces
[1.418s] -- Up-to-date symlink: /home/raz/projects/ros2_advanced_concepts/ros2_ws/install/my_robot_interfaces/include/my_robot_interfaces/my_robot_interfaces/action/count_until.h
[1.418s] -- Up-to-date symlink: /home/raz/projects/ros2_advanced_concepts/ros2_ws/install/my_robot_interfaces/include/my_robot_interfaces/my_robot_interfaces/action/detail/count_until__functions.h
[1.419s] -- Up-to-date symlink: /home/raz/projects/ros2_advanced_concepts/ros2_ws/install/my_robot_interfaces/include/my_robot_interfaces/my_robot_interfaces/action/detail/count_until__struct.h
[1.419s] -- Up-to-date symlink: /home/raz/projects/ros2_advanced_concepts/ros2_ws/install/my_robot_interfaces/include/my_robot_interfaces/my_robot_interfaces/action/detail/count_until__type_support.h
[1.419s] -- Up-to-date symlink: /home/raz/projects/ros2_advanced_concepts/ros2_ws/install/my_robot_interfaces/include/my_robot_interfaces/my_robot_interfaces/msg/rosidl_generator_c__visibility_control.h
[1.441s] -- Up-to-date symlink: /home/raz/projects/ros2_advanced_concepts/ros2_ws/install/my_robot_interfaces/share/my_robot_interfaces/environment/library_path.sh
[1.441s] -- Up-to-date symlink: /home/raz/projects/ros2_advanced_concepts/ros2_ws/install/my_robot_interfaces/share/my_robot_interfaces/environment/library_path.dsv
[1.441s] -- Up-to-date symlink: /home/raz/projects/ros2_advanced_concepts/ros2_ws/install/my_robot_interfaces/include/my_robot_interfaces/my_robot_interfaces/action/detail/count_until__rosidl_typesupport_fastrtps_c.h
[1.442s] -- Up-to-date symlink: /home/raz/projects/ros2_advanced_concepts/ros2_ws/install/my_robot_interfaces/include/my_robot_interfaces/my_robot_interfaces/msg/rosidl_typesupport_fastrtps_c__visibility_control.h
[1.442s] -- Up-to-date symlink: /home/raz/projects/ros2_advanced_concepts/ros2_ws/install/my_robot_interfaces/include/my_robot_interfaces/my_robot_interfaces/action/detail/count_until__rosidl_typesupport_introspection_c.h
[1.442s] -- Up-to-date symlink: /home/raz/projects/ros2_advanced_concepts/ros2_ws/install/my_robot_interfaces/include/my_robot_interfaces/my_robot_interfaces/msg/rosidl_typesupport_introspection_c__visibility_control.h
[1.443s] -- Up-to-date symlink: /home/raz/projects/ros2_advanced_concepts/ros2_ws/install/my_robot_interfaces/include/my_robot_interfaces/my_robot_interfaces/action/count_until.hpp
[1.443s] -- Up-to-date symlink: /home/raz/projects/ros2_advanced_concepts/ros2_ws/install/my_robot_interfaces/include/my_robot_interfaces/my_robot_interfaces/action/detail/count_until__builder.hpp
[1.443s] -- Up-to-date symlink: /home/raz/projects/ros2_advanced_concepts/ros2_ws/install/my_robot_interfaces/include/my_robot_interfaces/my_robot_interfaces/action/detail/count_until__struct.hpp
[1.443s] -- Up-to-date symlink: /home/raz/projects/ros2_advanced_concepts/ros2_ws/install/my_robot_interfaces/include/my_robot_interfaces/my_robot_interfaces/action/detail/count_until__traits.hpp
[1.443s] -- Up-to-date symlink: /home/raz/projects/ros2_advanced_concepts/ros2_ws/install/my_robot_interfaces/include/my_robot_interfaces/my_robot_interfaces/action/detail/count_until__type_support.hpp
[1.444s] -- Up-to-date symlink: /home/raz/projects/ros2_advanced_concepts/ros2_ws/install/my_robot_interfaces/include/my_robot_interfaces/my_robot_interfaces/msg/rosidl_generator_cpp__visibility_control.hpp
[1.444s] -- Up-to-date symlink: /home/raz/projects/ros2_advanced_concepts/ros2_ws/install/my_robot_interfaces/include/my_robot_interfaces/my_robot_interfaces/action/detail/count_until__rosidl_typesupport_fastrtps_cpp.hpp
[1.444s] -- Up-to-date symlink: /home/raz/projects/ros2_advanced_concepts/ros2_ws/install/my_robot_interfaces/include/my_robot_interfaces/my_robot_interfaces/msg/rosidl_typesupport_fastrtps_cpp__visibility_control.h
[1.445s] -- Up-to-date symlink: /home/raz/projects/ros2_advanced_concepts/ros2_ws/install/my_robot_interfaces/include/my_robot_interfaces/my_robot_interfaces/action/detail/count_until__rosidl_typesupport_introspection_cpp.hpp
[1.445s] -- Up-to-date symlink: /home/raz/projects/ros2_advanced_concepts/ros2_ws/install/my_robot_interfaces/share/my_robot_interfaces/environment/pythonpath.sh
[1.445s] -- Up-to-date symlink: /home/raz/projects/ros2_advanced_concepts/ros2_ws/install/my_robot_interfaces/share/my_robot_interfaces/environment/pythonpath.dsv
[1.445s] -- Up-to-date symlink: /home/raz/projects/ros2_advanced_concepts/ros2_ws/install/my_robot_interfaces/local/lib/python3.10/dist-packages/my_robot_interfaces-0.0.0-py3.10.egg-info/PKG-INFO
[1.445s] -- Up-to-date symlink: /home/raz/projects/ros2_advanced_concepts/ros2_ws/install/my_robot_interfaces/local/lib/python3.10/dist-packages/my_robot_interfaces-0.0.0-py3.10.egg-info/SOURCES.txt
[1.446s] -- Up-to-date symlink: /home/raz/projects/ros2_advanced_concepts/ros2_ws/install/my_robot_interfaces/local/lib/python3.10/dist-packages/my_robot_interfaces-0.0.0-py3.10.egg-info/dependency_links.txt
[1.446s] -- Up-to-date symlink: /home/raz/projects/ros2_advanced_concepts/ros2_ws/install/my_robot_interfaces/local/lib/python3.10/dist-packages/my_robot_interfaces-0.0.0-py3.10.egg-info/top_level.txt
[1.446s] -- Up-to-date symlink: /home/raz/projects/ros2_advanced_concepts/ros2_ws/install/my_robot_interfaces/local/lib/python3.10/dist-packages/my_robot_interfaces/__init__.py
[1.446s] -- Up-to-date symlink: /home/raz/projects/ros2_advanced_concepts/ros2_ws/install/my_robot_interfaces/local/lib/python3.10/dist-packages/my_robot_interfaces/_my_robot_interfaces_s.ep.rosidl_typesupport_c.c
[1.446s] -- Up-to-date symlink: /home/raz/projects/ros2_advanced_concepts/ros2_ws/install/my_robot_interfaces/local/lib/python3.10/dist-packages/my_robot_interfaces/_my_robot_interfaces_s.ep.rosidl_typesupport_fastrtps_c.c
[1.447s] -- Up-to-date symlink: /home/raz/projects/ros2_advanced_concepts/ros2_ws/install/my_robot_interfaces/local/lib/python3.10/dist-packages/my_robot_interfaces/_my_robot_interfaces_s.ep.rosidl_typesupport_introspection_c.c
[1.447s] -- Up-to-date symlink: /home/raz/projects/ros2_advanced_concepts/ros2_ws/install/my_robot_interfaces/local/lib/python3.10/dist-packages/my_robot_interfaces/action/__init__.py
[1.447s] -- Up-to-date symlink: /home/raz/projects/ros2_advanced_concepts/ros2_ws/install/my_robot_interfaces/local/lib/python3.10/dist-packages/my_robot_interfaces/action/_count_until.py
[1.447s] -- Up-to-date symlink: /home/raz/projects/ros2_advanced_concepts/ros2_ws/install/my_robot_interfaces/local/lib/python3.10/dist-packages/my_robot_interfaces/action/_count_until_s.c
[1.447s] -- Up-to-date symlink: /home/raz/projects/ros2_advanced_concepts/ros2_ws/install/my_robot_interfaces/local/lib/python3.10/dist-packages/my_robot_interfaces/libmy_robot_interfaces__rosidl_generator_py.so
[1.447s] -- Up-to-date symlink: /home/raz/projects/ros2_advanced_concepts/ros2_ws/install/my_robot_interfaces/local/lib/python3.10/dist-packages/my_robot_interfaces/my_robot_interfaces_s__rosidl_typesupport_c.cpython-310-x86_64-linux-gnu.so
[1.447s] -- Up-to-date symlink: /home/raz/projects/ros2_advanced_concepts/ros2_ws/install/my_robot_interfaces/local/lib/python3.10/dist-packages/my_robot_interfaces/my_robot_interfaces_s__rosidl_typesupport_fastrtps_c.cpython-310-x86_64-linux-gnu.so
[1.447s] -- Up-to-date symlink: /home/raz/projects/ros2_advanced_concepts/ros2_ws/install/my_robot_interfaces/local/lib/python3.10/dist-packages/my_robot_interfaces/my_robot_interfaces_s__rosidl_typesupport_introspection_c.cpython-310-x86_64-linux-gnu.so
[1.465s] -- Up-to-date symlink: /home/raz/projects/ros2_advanced_concepts/ros2_ws/install/my_robot_interfaces/local/lib/python3.10/dist-packages/my_robot_interfaces/my_robot_interfaces_s__rosidl_typesupport_fastrtps_c.cpython-310-x86_64-linux-gnu.so
[1.465s] -- Up-to-date symlink: /home/raz/projects/ros2_advanced_concepts/ros2_ws/install/my_robot_interfaces/local/lib/python3.10/dist-packages/my_robot_interfaces/my_robot_interfaces_s__rosidl_typesupport_introspection_c.cpython-310-x86_64-linux-gnu.so
[1.465s] -- Up-to-date symlink: /home/raz/projects/ros2_advanced_concepts/ros2_ws/install/my_robot_interfaces/local/lib/python3.10/dist-packages/my_robot_interfaces/my_robot_interfaces_s__rosidl_typesupport_c.cpython-310-x86_64-linux-gnu.so
[1.466s] -- Up-to-date symlink: /home/raz/projects/ros2_advanced_concepts/ros2_ws/install/my_robot_interfaces/share/my_robot_interfaces/action/CountUntil.idl
[1.466s] -- Up-to-date symlink: /home/raz/projects/ros2_advanced_concepts/ros2_ws/install/my_robot_interfaces/share/my_robot_interfaces/action/CountUntil.action
[1.466s] -- Up-to-date symlink: /home/raz/projects/ros2_advanced_concepts/ros2_ws/install/my_robot_interfaces/share/ament_index/resource_index/package_run_dependencies/my_robot_interfaces
[1.466s] -- Up-to-date symlink: /home/raz/projects/ros2_advanced_concepts/ros2_ws/install/my_robot_interfaces/share/ament_index/resource_index/parent_prefix_path/my_robot_interfaces
[1.467s] -- Up-to-date symlink: /home/raz/projects/ros2_advanced_concepts/ros2_ws/install/my_robot_interfaces/share/my_robot_interfaces/environment/ament_prefix_path.sh
[1.467s] -- Up-to-date symlink: /home/raz/projects/ros2_advanced_concepts/ros2_ws/install/my_robot_interfaces/share/my_robot_interfaces/environment/ament_prefix_path.dsv
[1.467s] -- Up-to-date symlink: /home/raz/projects/ros2_advanced_concepts/ros2_ws/install/my_robot_interfaces/share/my_robot_interfaces/environment/path.sh
[1.467s] -- Up-to-date symlink: /home/raz/projects/ros2_advanced_concepts/ros2_ws/install/my_robot_interfaces/share/my_robot_interfaces/environment/path.dsv
[1.468s] -- Up-to-date symlink: /home/raz/projects/ros2_advanced_concepts/ros2_ws/install/my_robot_interfaces/share/my_robot_interfaces/local_setup.bash
[1.468s] -- Up-to-date symlink: /home/raz/projects/ros2_advanced_concepts/ros2_ws/install/my_robot_interfaces/share/my_robot_interfaces/local_setup.sh
[1.468s] -- Up-to-date symlink: /home/raz/projects/ros2_advanced_concepts/ros2_ws/install/my_robot_interfaces/share/my_robot_interfaces/local_setup.zsh
[1.468s] -- Up-to-date symlink: /home/raz/projects/ros2_advanced_concepts/ros2_ws/install/my_robot_interfaces/share/my_robot_interfaces/local_setup.dsv
[1.468s] -- Symlinking: /home/raz/projects/ros2_advanced_concepts/ros2_ws/install/my_robot_interfaces/share/my_robot_interfaces/package.dsv
[1.492s] -- Up-to-date symlink: /home/raz/projects/ros2_advanced_concepts/ros2_ws/install/my_robot_interfaces/share/ament_index/resource_index/packages/my_robot_interfaces
[1.492s] -- Up-to-date symlink: /home/raz/projects/ros2_advanced_concepts/ros2_ws/install/my_robot_interfaces/share/my_robot_interfaces/cmake/rosidl_cmake-extras.cmake
[1.493s] -- Up-to-date symlink: /home/raz/projects/ros2_advanced_concepts/ros2_ws/install/my_robot_interfaces/share/my_robot_interfaces/cmake/ament_cmake_export_dependencies-extras.cmake
[1.493s] -- Up-to-date symlink: /home/raz/projects/ros2_advanced_concepts/ros2_ws/install/my_robot_interfaces/share/my_robot_interfaces/cmake/ament_cmake_export_include_directories-extras.cmake
[1.493s] -- Up-to-date symlink: /home/raz/projects/ros2_advanced_concepts/ros2_ws/install/my_robot_interfaces/share/my_robot_interfaces/cmake/ament_cmake_export_libraries-extras.cmake
[1.494s] -- Up-to-date symlink: /home/raz/projects/ros2_advanced_concepts/ros2_ws/install/my_robot_interfaces/share/my_robot_interfaces/cmake/ament_cmake_export_targets-extras.cmake
[1.506s] -- Up-to-date symlink: /home/raz/projects/ros2_advanced_concepts/ros2_ws/install/my_robot_interfaces/share/my_robot_interfaces/cmake/rosidl_cmake_export_typesupport_targets-extras.cmake
[1.507s] -- Up-to-date symlink: /home/raz/projects/ros2_advanced_concepts/ros2_ws/install/my_robot_interfaces/share/my_robot_interfaces/cmake/rosidl_cmake_export_typesupport_libraries-extras.cmake
[1.507s] -- Up-to-date symlink: /home/raz/projects/ros2_advanced_concepts/ros2_ws/install/my_robot_interfaces/share/my_robot_interfaces/cmake/my_robot_interfacesConfig.cmake
[1.507s] -- Up-to-date symlink: /home/raz/projects/ros2_advanced_concepts/ros2_ws/install/my_robot_interfaces/share/my_robot_interfaces/cmake/my_robot_interfacesConfig-version.cmake
[1.507s] -- Up-to-date symlink: /home/raz/projects/ros2_advanced_concepts/ros2_ws/install/my_robot_interfaces/share/my_robot_interfaces/package.xml
[1.544s] -- Up-to-date: /home/raz/projects/ros2_advanced_concepts/ros2_ws/install/my_robot_interfaces/lib/libmy_robot_interfaces__rosidl_generator_c.so
[1.544s] -- Up-to-date: /home/raz/projects/ros2_advanced_concepts/ros2_ws/install/my_robot_interfaces/lib/libmy_robot_interfaces__rosidl_typesupport_fastrtps_c.so
[1.545s] -- Up-to-date: /home/raz/projects/ros2_advanced_concepts/ros2_ws/install/my_robot_interfaces/lib/libmy_robot_interfaces__rosidl_typesupport_introspection_c.so
[1.545s] -- Up-to-date: /home/raz/projects/ros2_advanced_concepts/ros2_ws/install/my_robot_interfaces/lib/libmy_robot_interfaces__rosidl_typesupport_c.so
[1.545s] -- Up-to-date: /home/raz/projects/ros2_advanced_concepts/ros2_ws/install/my_robot_interfaces/lib/libmy_robot_interfaces__rosidl_typesupport_fastrtps_cpp.so
[1.546s] -- Up-to-date: /home/raz/projects/ros2_advanced_concepts/ros2_ws/install/my_robot_interfaces/lib/libmy_robot_interfaces__rosidl_typesupport_introspection_cpp.so
[1.546s] -- Up-to-date: /home/raz/projects/ros2_advanced_concepts/ros2_ws/install/my_robot_interfaces/lib/libmy_robot_interfaces__rosidl_typesupport_cpp.so
[1.621s] Listing '/home/raz/projects/ros2_advanced_concepts/ros2_ws/install/my_robot_interfaces/local/lib/python3.10/dist-packages/my_robot_interfaces'...
[1.621s] Listing '/home/raz/projects/ros2_advanced_concepts/ros2_ws/install/my_robot_interfaces/local/lib/python3.10/dist-packages/my_robot_interfaces/action'...
[1.624s] -- Up-to-date: /home/raz/projects/ros2_advanced_concepts/ros2_ws/install/my_robot_interfaces/lib/libmy_robot_interfaces__rosidl_generator_py.so
[1.644s] -- Up-to-date: /home/raz/projects/ros2_advanced_concepts/ros2_ws/install/my_robot_interfaces/share/my_robot_interfaces/cmake/export_my_robot_interfaces__rosidl_generator_cExport.cmake
[1.644s] -- Up-to-date: /home/raz/projects/ros2_advanced_concepts/ros2_ws/install/my_robot_interfaces/share/my_robot_interfaces/cmake/export_my_robot_interfaces__rosidl_generator_cExport-noconfig.cmake
[1.645s] -- Up-to-date: /home/raz/projects/ros2_advanced_concepts/ros2_ws/install/my_robot_interfaces/share/my_robot_interfaces/cmake/export_my_robot_interfaces__rosidl_typesupport_fastrtps_cExport.cmake
[1.645s] -- Up-to-date: /home/raz/projects/ros2_advanced_concepts/ros2_ws/install/my_robot_interfaces/share/my_robot_interfaces/cmake/export_my_robot_interfaces__rosidl_typesupport_fastrtps_cExport-noconfig.cmake
[1.645s] -- Up-to-date: /home/raz/projects/ros2_advanced_concepts/ros2_ws/install/my_robot_interfaces/share/my_robot_interfaces/cmake/my_robot_interfaces__rosidl_typesupport_introspection_cExport.cmake
[1.645s] -- Up-to-date: /home/raz/projects/ros2_advanced_concepts/ros2_ws/install/my_robot_interfaces/share/my_robot_interfaces/cmake/my_robot_interfaces__rosidl_typesupport_introspection_cExport-noconfig.cmake
[1.646s] -- Up-to-date: /home/raz/projects/ros2_advanced_concepts/ros2_ws/install/my_robot_interfaces/share/my_robot_interfaces/cmake/my_robot_interfaces__rosidl_typesupport_cExport.cmake
[1.646s] -- Up-to-date: /home/raz/projects/ros2_advanced_concepts/ros2_ws/install/my_robot_interfaces/share/my_robot_interfaces/cmake/my_robot_interfaces__rosidl_typesupport_cExport-noconfig.cmake
[1.646s] -- Up-to-date: /home/raz/projects/ros2_advanced_concepts/ros2_ws/install/my_robot_interfaces/share/my_robot_interfaces/cmake/export_my_robot_interfaces__rosidl_generator_cppExport.cmake
[1.646s] -- Up-to-date: /home/raz/projects/ros2_advanced_concepts/ros2_ws/install/my_robot_interfaces/share/my_robot_interfaces/cmake/export_my_robot_interfaces__rosidl_typesupport_fastrtps_cppExport.cmake
[1.647s] -- Up-to-date: /home/raz/projects/ros2_advanced_concepts/ros2_ws/install/my_robot_interfaces/share/my_robot_interfaces/cmake/export_my_robot_interfaces__rosidl_typesupport_fastrtps_cppExport-noconfig.cmake
[1.647s] -- Up-to-date: /home/raz/projects/ros2_advanced_concepts/ros2_ws/install/my_robot_interfaces/share/my_robot_interfaces/cmake/my_robot_interfaces__rosidl_typesupport_introspection_cppExport.cmake
[1.647s] -- Up-to-date: /home/raz/projects/ros2_advanced_concepts/ros2_ws/install/my_robot_interfaces/share/my_robot_interfaces/cmake/my_robot_interfaces__rosidl_typesupport_introspection_cppExport-noconfig.cmake
[1.647s] -- Up-to-date: /home/raz/projects/ros2_advanced_concepts/ros2_ws/install/my_robot_interfaces/share/my_robot_interfaces/cmake/my_robot_interfaces__rosidl_typesupport_cppExport.cmake
[1.647s] -- Up-to-date: /home/raz/projects/ros2_advanced_concepts/ros2_ws/install/my_robot_interfaces/share/my_robot_interfaces/cmake/my_robot_interfaces__rosidl_typesupport_cppExport-noconfig.cmake
[1.648s] -- Up-to-date: /home/raz/projects/ros2_advanced_concepts/ros2_ws/install/my_robot_interfaces/share/my_robot_interfaces/cmake/export_my_robot_interfaces__rosidl_generator_pyExport.cmake
[1.648s] -- Up-to-date: /home/raz/projects/ros2_advanced_concepts/ros2_ws/install/my_robot_interfaces/share/my_robot_interfaces/cmake/export_my_robot_interfaces__rosidl_generator_pyExport-noconfig.cmake
[1.649s] Invoked command in '/home/raz/projects/ros2_advanced_concepts/ros2_ws/build/my_robot_interfaces' returned '0': CMAKE_PREFIX_PATH=${CMAKE_PREFIX_PATH}:/home/raz/projects/ros2_advanced_concepts/ros2_ws/install/actions_py:/home/raz/projects/manipulator-project/Arduino-Bot/arduinobot_ws/install/arduinobot_py_examples:/home/raz/ros2_ws/install/centerofmass_detection:/home/raz/projects/manipulator-project/arduinobot_ws/install/arduinobot_py_examples:/opt/ros/humble /usr/local/bin/cmake --install /home/raz/projects/ros2_advanced_concepts/ros2_ws/build/my_robot_interfaces
