[0.427s] Invoking command in '/home/raz/projects/ros2_advanced_concepts/ros2_ws/build/actions_cpp': CMAKE_PREFIX_PATH=${CMAKE_PREFIX_PATH}:/home/raz/projects/ros2_advanced_concepts/ros2_ws/install/actions_py:/home/raz/projects/manipulator-project/Arduino-Bot/arduinobot_ws/install/arduinobot_py_examples:/home/raz/ros2_ws/install/centerofmass_detection:/home/raz/projects/manipulator-project/arduinobot_ws/install/arduinobot_py_examples:/opt/ros/humble LD_LIBRARY_PATH=/home/raz/projects/ros2_advanced_concepts/ros2_ws/install/my_robot_interfaces/lib:/home/raz/projects/manipulator-project/arduinobot_ws/install/arduinobot_controller/lib:/home/raz/projects/manipulator-project/arduinobot_ws/install/arduinobot_remote/lib:/home/raz/projects/manipulator-project/arduinobot_ws/install/arduinobot_cpp_examples/lib:/home/raz/projects/manipulator-project/Arduino-Bot/arduinobot_ws/install/arduinobot_remote/lib:/home/raz/projects/manipulator-project/Arduino-Bot/arduinobot_ws/install/arduinobot_cpp_examples/lib:/home/raz/projects/manipulator-project/Arduino-Bot/arduinobot_ws/install/arduinobot_msgs/lib:/home/raz/projects/manipulator-project/Arduino-Bot/arduinobot_ws/install/arduinobot_controller/lib:/home/raz/ext/ParticleMesher/ParticleMesherPy:/usr/local/cuda-12.6/lib64:/usr/local/lib:/usr/lib/x86_64-linux-gnu:/usr/local/cuda-12.6/lib64:/usr/local/lib:/usr/lib/x86_64-linux-gnu:/home/raz/projects/manipulator-project/arduinobot_ws/install/arduinobot_msgs/lib:/opt/ros/humble/opt/rviz_ogre_vendor/lib:/opt/ros/humble/lib/x86_64-linux-gnu:/usr/share/gurumdds/cmake/../../../lib:/opt/ros/humble/lib:/usr/local/cuda/lib64:/usr/local/cuda/lib64 /usr/local/bin/cmake /home/raz/projects/ros2_advanced_concepts/ros2_ws/src/actions_cpp -DAMENT_CMAKE_SYMLINK_INSTALL=1 -DCMAKE_INSTALL_PREFIX=/home/raz/projects/ros2_advanced_concepts/ros2_ws/install/actions_cpp
[6.222s] -- The C compiler identification is GNU 11.4.0
[12.821s] -- The CXX compiler identification is GNU 11.4.0
[13.319s] -- Detecting C compiler ABI info
[13.861s] -- Detecting C compiler ABI info - done
[13.871s] -- Check for working C compiler: /usr/bin/cc - skipped
[13.888s] -- Detecting C compile features
[13.894s] -- Detecting C compile features - done
[13.988s] -- Detecting CXX compiler ABI info
[14.258s] -- Detecting CXX compiler ABI info - done
[14.268s] -- Check for working CXX compiler: /usr/bin/c++ - skipped
[14.268s] -- Detecting CXX compile features
[14.269s] -- Detecting CXX compile features - done
[15.355s] -- Found ament_cmake: 1.3.11 (/opt/ros/humble/share/ament_cmake/cmake)
[15.793s] -- Found Python3: /usr/bin/python3 (found version "3.10.12") found components: Interpreter 
[16.009s] -- Override CMake install command with custom implementation using symlinks instead of copying resources
[16.370s] -- Found rclcpp: 16.0.11 (/opt/ros/humble/share/rclcpp/cmake)
[17.066s] -- Found rosidl_generator_c: 3.1.6 (/opt/ros/humble/share/rosidl_generator_c/cmake)
[17.104s] -- Found rosidl_adapter: 3.1.6 (/opt/ros/humble/share/rosidl_adapter/cmake)
[17.150s] -- Found rosidl_generator_cpp: 3.1.6 (/opt/ros/humble/share/rosidl_generator_cpp/cmake)
[17.276s] -- Using all available rosidl_typesupport_c: rosidl_typesupport_fastrtps_c;rosidl_typesupport_introspection_c
[17.393s] -- Using all available rosidl_typesupport_cpp: rosidl_typesupport_fastrtps_cpp;rosidl_typesupport_introspection_cpp
[17.620s] -- Found rmw_implementation_cmake: 6.1.2 (/opt/ros/humble/share/rmw_implementation_cmake/cmake)
[17.669s] -- Found rmw_cyclonedds_cpp: 1.3.4 (/opt/ros/humble/share/rmw_cyclonedds_cpp/cmake)
[17.886s] -- Using RMW implementation 'rmw_cyclonedds_cpp' as default
[18.156s] -- Performing Test CMAKE_HAVE_LIBC_PTHREAD
[19.300s] -- Performing Test CMAKE_HAVE_LIBC_PTHREAD - Success
[19.301s] -- Found Threads: TRUE  
[19.661s] -- Found rclcpp_action: 16.0.11 (/opt/ros/humble/share/rclcpp_action/cmake)
[19.900s] -- Found my_robot_interfaces: 0.0.0 (/home/raz/projects/ros2_advanced_concepts/ros2_ws/install/my_robot_interfaces/share/my_robot_interfaces/cmake)
[19.996s] -- Found ament_lint_auto: 0.12.11 (/opt/ros/humble/share/ament_lint_auto/cmake)
[20.193s] -- Added test 'cppcheck' to perform static code analysis on C / C++ code
[20.193s] -- Configured cppcheck include dirs: 
[20.193s] -- Configured cppcheck exclude dirs and/or files: 
[20.219s] -- Added test 'lint_cmake' to check CMake code style
[20.220s] -- Added test 'uncrustify' to check C / C++ code style
[20.221s] -- Configured uncrustify additional arguments: 
[20.221s] -- Added test 'xmllint' to check XML markup files
[20.224s] -- Configuring done (19.8s)
[20.227s] -- Generating done (0.0s)
[20.229s] -- Build files have been written to: /home/raz/projects/ros2_advanced_concepts/ros2_ws/build/actions_cpp
[20.235s] Invoked command in '/home/raz/projects/ros2_advanced_concepts/ros2_ws/build/actions_cpp' returned '0': CMAKE_PREFIX_PATH=${CMAKE_PREFIX_PATH}:/home/raz/projects/ros2_advanced_concepts/ros2_ws/install/actions_py:/home/raz/projects/manipulator-project/Arduino-Bot/arduinobot_ws/install/arduinobot_py_examples:/home/raz/ros2_ws/install/centerofmass_detection:/home/raz/projects/manipulator-project/arduinobot_ws/install/arduinobot_py_examples:/opt/ros/humble LD_LIBRARY_PATH=/home/raz/projects/ros2_advanced_concepts/ros2_ws/install/my_robot_interfaces/lib:/home/raz/projects/manipulator-project/arduinobot_ws/install/arduinobot_controller/lib:/home/raz/projects/manipulator-project/arduinobot_ws/install/arduinobot_remote/lib:/home/raz/projects/manipulator-project/arduinobot_ws/install/arduinobot_cpp_examples/lib:/home/raz/projects/manipulator-project/Arduino-Bot/arduinobot_ws/install/arduinobot_remote/lib:/home/raz/projects/manipulator-project/Arduino-Bot/arduinobot_ws/install/arduinobot_cpp_examples/lib:/home/raz/projects/manipulator-project/Arduino-Bot/arduinobot_ws/install/arduinobot_msgs/lib:/home/raz/projects/manipulator-project/Arduino-Bot/arduinobot_ws/install/arduinobot_controller/lib:/home/raz/ext/ParticleMesher/ParticleMesherPy:/usr/local/cuda-12.6/lib64:/usr/local/lib:/usr/lib/x86_64-linux-gnu:/usr/local/cuda-12.6/lib64:/usr/local/lib:/usr/lib/x86_64-linux-gnu:/home/raz/projects/manipulator-project/arduinobot_ws/install/arduinobot_msgs/lib:/opt/ros/humble/opt/rviz_ogre_vendor/lib:/opt/ros/humble/lib/x86_64-linux-gnu:/usr/share/gurumdds/cmake/../../../lib:/opt/ros/humble/lib:/usr/local/cuda/lib64:/usr/local/cuda/lib64 /usr/local/bin/cmake /home/raz/projects/ros2_advanced_concepts/ros2_ws/src/actions_cpp -DAMENT_CMAKE_SYMLINK_INSTALL=1 -DCMAKE_INSTALL_PREFIX=/home/raz/projects/ros2_advanced_concepts/ros2_ws/install/actions_cpp
[20.236s] Invoking command in '/home/raz/projects/ros2_advanced_concepts/ros2_ws/build/actions_cpp': CMAKE_PREFIX_PATH=${CMAKE_PREFIX_PATH}:/home/raz/projects/ros2_advanced_concepts/ros2_ws/install/actions_py:/home/raz/projects/manipulator-project/Arduino-Bot/arduinobot_ws/install/arduinobot_py_examples:/home/raz/ros2_ws/install/centerofmass_detection:/home/raz/projects/manipulator-project/arduinobot_ws/install/arduinobot_py_examples:/opt/ros/humble LD_LIBRARY_PATH=/home/raz/projects/ros2_advanced_concepts/ros2_ws/install/my_robot_interfaces/lib:/home/raz/projects/manipulator-project/arduinobot_ws/install/arduinobot_controller/lib:/home/raz/projects/manipulator-project/arduinobot_ws/install/arduinobot_remote/lib:/home/raz/projects/manipulator-project/arduinobot_ws/install/arduinobot_cpp_examples/lib:/home/raz/projects/manipulator-project/Arduino-Bot/arduinobot_ws/install/arduinobot_remote/lib:/home/raz/projects/manipulator-project/Arduino-Bot/arduinobot_ws/install/arduinobot_cpp_examples/lib:/home/raz/projects/manipulator-project/Arduino-Bot/arduinobot_ws/install/arduinobot_msgs/lib:/home/raz/projects/manipulator-project/Arduino-Bot/arduinobot_ws/install/arduinobot_controller/lib:/home/raz/ext/ParticleMesher/ParticleMesherPy:/usr/local/cuda-12.6/lib64:/usr/local/lib:/usr/lib/x86_64-linux-gnu:/usr/local/cuda-12.6/lib64:/usr/local/lib:/usr/lib/x86_64-linux-gnu:/home/raz/projects/manipulator-project/arduinobot_ws/install/arduinobot_msgs/lib:/opt/ros/humble/opt/rviz_ogre_vendor/lib:/opt/ros/humble/lib/x86_64-linux-gnu:/usr/share/gurumdds/cmake/../../../lib:/opt/ros/humble/lib:/usr/local/cuda/lib64:/usr/local/cuda/lib64 /usr/local/bin/cmake --build /home/raz/projects/ros2_advanced_concepts/ros2_ws/build/actions_cpp -- -j12 -l12
[20.248s] Invoked command in '/home/raz/projects/ros2_advanced_concepts/ros2_ws/build/actions_cpp' returned '0': CMAKE_PREFIX_PATH=${CMAKE_PREFIX_PATH}:/home/raz/projects/ros2_advanced_concepts/ros2_ws/install/actions_py:/home/raz/projects/manipulator-project/Arduino-Bot/arduinobot_ws/install/arduinobot_py_examples:/home/raz/ros2_ws/install/centerofmass_detection:/home/raz/projects/manipulator-project/arduinobot_ws/install/arduinobot_py_examples:/opt/ros/humble LD_LIBRARY_PATH=/home/raz/projects/ros2_advanced_concepts/ros2_ws/install/my_robot_interfaces/lib:/home/raz/projects/manipulator-project/arduinobot_ws/install/arduinobot_controller/lib:/home/raz/projects/manipulator-project/arduinobot_ws/install/arduinobot_remote/lib:/home/raz/projects/manipulator-project/arduinobot_ws/install/arduinobot_cpp_examples/lib:/home/raz/projects/manipulator-project/Arduino-Bot/arduinobot_ws/install/arduinobot_remote/lib:/home/raz/projects/manipulator-project/Arduino-Bot/arduinobot_ws/install/arduinobot_cpp_examples/lib:/home/raz/projects/manipulator-project/Arduino-Bot/arduinobot_ws/install/arduinobot_msgs/lib:/home/raz/projects/manipulator-project/Arduino-Bot/arduinobot_ws/install/arduinobot_controller/lib:/home/raz/ext/ParticleMesher/ParticleMesherPy:/usr/local/cuda-12.6/lib64:/usr/local/lib:/usr/lib/x86_64-linux-gnu:/usr/local/cuda-12.6/lib64:/usr/local/lib:/usr/lib/x86_64-linux-gnu:/home/raz/projects/manipulator-project/arduinobot_ws/install/arduinobot_msgs/lib:/opt/ros/humble/opt/rviz_ogre_vendor/lib:/opt/ros/humble/lib/x86_64-linux-gnu:/usr/share/gurumdds/cmake/../../../lib:/opt/ros/humble/lib:/usr/local/cuda/lib64:/usr/local/cuda/lib64 /usr/local/bin/cmake --build /home/raz/projects/ros2_advanced_concepts/ros2_ws/build/actions_cpp -- -j12 -l12
[20.249s] Invoking command in '/home/raz/projects/ros2_advanced_concepts/ros2_ws/build/actions_cpp': CMAKE_PREFIX_PATH=${CMAKE_PREFIX_PATH}:/home/raz/projects/ros2_advanced_concepts/ros2_ws/install/actions_py:/home/raz/projects/manipulator-project/Arduino-Bot/arduinobot_ws/install/arduinobot_py_examples:/home/raz/ros2_ws/install/centerofmass_detection:/home/raz/projects/manipulator-project/arduinobot_ws/install/arduinobot_py_examples:/opt/ros/humble LD_LIBRARY_PATH=/home/raz/projects/ros2_advanced_concepts/ros2_ws/install/my_robot_interfaces/lib:/home/raz/projects/manipulator-project/arduinobot_ws/install/arduinobot_controller/lib:/home/raz/projects/manipulator-project/arduinobot_ws/install/arduinobot_remote/lib:/home/raz/projects/manipulator-project/arduinobot_ws/install/arduinobot_cpp_examples/lib:/home/raz/projects/manipulator-project/Arduino-Bot/arduinobot_ws/install/arduinobot_remote/lib:/home/raz/projects/manipulator-project/Arduino-Bot/arduinobot_ws/install/arduinobot_cpp_examples/lib:/home/raz/projects/manipulator-project/Arduino-Bot/arduinobot_ws/install/arduinobot_msgs/lib:/home/raz/projects/manipulator-project/Arduino-Bot/arduinobot_ws/install/arduinobot_controller/lib:/home/raz/ext/ParticleMesher/ParticleMesherPy:/usr/local/cuda-12.6/lib64:/usr/local/lib:/usr/lib/x86_64-linux-gnu:/usr/local/cuda-12.6/lib64:/usr/local/lib:/usr/lib/x86_64-linux-gnu:/home/raz/projects/manipulator-project/arduinobot_ws/install/arduinobot_msgs/lib:/opt/ros/humble/opt/rviz_ogre_vendor/lib:/opt/ros/humble/lib/x86_64-linux-gnu:/usr/share/gurumdds/cmake/../../../lib:/opt/ros/humble/lib:/usr/local/cuda/lib64:/usr/local/cuda/lib64 /usr/local/bin/cmake --install /home/raz/projects/ros2_advanced_concepts/ros2_ws/build/actions_cpp
[20.250s] -- Install configuration: ""
[20.251s] -- Execute custom install script
[20.251s] -- Symlinking: /home/raz/projects/ros2_advanced_concepts/ros2_ws/install/actions_cpp/share/ament_index/resource_index/package_run_dependencies/actions_cpp
[20.253s] -- Symlinking: /home/raz/projects/ros2_advanced_concepts/ros2_ws/install/actions_cpp/share/ament_index/resource_index/parent_prefix_path/actions_cpp
[20.254s] -- Symlinking: /home/raz/projects/ros2_advanced_concepts/ros2_ws/install/actions_cpp/share/actions_cpp/environment/ament_prefix_path.sh
[20.256s] -- Symlinking: /home/raz/projects/ros2_advanced_concepts/ros2_ws/install/actions_cpp/share/actions_cpp/environment/ament_prefix_path.dsv
[20.257s] -- Symlinking: /home/raz/projects/ros2_advanced_concepts/ros2_ws/install/actions_cpp/share/actions_cpp/environment/path.sh
[20.259s] -- Symlinking: /home/raz/projects/ros2_advanced_concepts/ros2_ws/install/actions_cpp/share/actions_cpp/environment/path.dsv
[20.260s] -- Symlinking: /home/raz/projects/ros2_advanced_concepts/ros2_ws/install/actions_cpp/share/actions_cpp/local_setup.bash
[20.262s] -- Symlinking: /home/raz/projects/ros2_advanced_concepts/ros2_ws/install/actions_cpp/share/actions_cpp/local_setup.sh
[20.263s] -- Symlinking: /home/raz/projects/ros2_advanced_concepts/ros2_ws/install/actions_cpp/share/actions_cpp/local_setup.zsh
[20.264s] -- Symlinking: /home/raz/projects/ros2_advanced_concepts/ros2_ws/install/actions_cpp/share/actions_cpp/local_setup.dsv
[20.266s] -- Symlinking: /home/raz/projects/ros2_advanced_concepts/ros2_ws/install/actions_cpp/share/actions_cpp/package.dsv
[20.267s] -- Symlinking: /home/raz/projects/ros2_advanced_concepts/ros2_ws/install/actions_cpp/share/ament_index/resource_index/packages/actions_cpp
[20.269s] -- Symlinking: /home/raz/projects/ros2_advanced_concepts/ros2_ws/install/actions_cpp/share/actions_cpp/cmake/actions_cppConfig.cmake
[20.270s] -- Symlinking: /home/raz/projects/ros2_advanced_concepts/ros2_ws/install/actions_cpp/share/actions_cpp/cmake/actions_cppConfig-version.cmake
[20.272s] -- Symlinking: /home/raz/projects/ros2_advanced_concepts/ros2_ws/install/actions_cpp/share/actions_cpp/package.xml
[20.274s] Invoked command in '/home/raz/projects/ros2_advanced_concepts/ros2_ws/build/actions_cpp' returned '0': CMAKE_PREFIX_PATH=${CMAKE_PREFIX_PATH}:/home/raz/projects/ros2_advanced_concepts/ros2_ws/install/actions_py:/home/raz/projects/manipulator-project/Arduino-Bot/arduinobot_ws/install/arduinobot_py_examples:/home/raz/ros2_ws/install/centerofmass_detection:/home/raz/projects/manipulator-project/arduinobot_ws/install/arduinobot_py_examples:/opt/ros/humble LD_LIBRARY_PATH=/home/raz/projects/ros2_advanced_concepts/ros2_ws/install/my_robot_interfaces/lib:/home/raz/projects/manipulator-project/arduinobot_ws/install/arduinobot_controller/lib:/home/raz/projects/manipulator-project/arduinobot_ws/install/arduinobot_remote/lib:/home/raz/projects/manipulator-project/arduinobot_ws/install/arduinobot_cpp_examples/lib:/home/raz/projects/manipulator-project/Arduino-Bot/arduinobot_ws/install/arduinobot_remote/lib:/home/raz/projects/manipulator-project/Arduino-Bot/arduinobot_ws/install/arduinobot_cpp_examples/lib:/home/raz/projects/manipulator-project/Arduino-Bot/arduinobot_ws/install/arduinobot_msgs/lib:/home/raz/projects/manipulator-project/Arduino-Bot/arduinobot_ws/install/arduinobot_controller/lib:/home/raz/ext/ParticleMesher/ParticleMesherPy:/usr/local/cuda-12.6/lib64:/usr/local/lib:/usr/lib/x86_64-linux-gnu:/usr/local/cuda-12.6/lib64:/usr/local/lib:/usr/lib/x86_64-linux-gnu:/home/raz/projects/manipulator-project/arduinobot_ws/install/arduinobot_msgs/lib:/opt/ros/humble/opt/rviz_ogre_vendor/lib:/opt/ros/humble/lib/x86_64-linux-gnu:/usr/share/gurumdds/cmake/../../../lib:/opt/ros/humble/lib:/usr/local/cuda/lib64:/usr/local/cuda/lib64 /usr/local/bin/cmake --install /home/raz/projects/ros2_advanced_concepts/ros2_ws/build/actions_cpp
