[0.018s] Invoking command in '/home/raz/projects/ros2_advanced_concepts/ros2_ws/build/my_robot_interfaces': CMAKE_PREFIX_PATH=${CMAKE_PREFIX_PATH}:/home/raz/projects/ros2_advanced_concepts/ros2_ws/install/actions_py:/home/raz/projects/manipulator-project/Arduino-Bot/arduinobot_ws/install/arduinobot_py_examples:/home/raz/ros2_ws/install/centerofmass_detection:/home/raz/projects/manipulator-project/arduinobot_ws/install/arduinobot_py_examples:/opt/ros/humble /usr/local/bin/cmake --build /home/raz/projects/ros2_advanced_concepts/ros2_ws/build/my_robot_interfaces -- -j12 -l12
[0.032s] [  3%] Built target my_robot_interfaces__cpp
[0.033s] [ 12%] Built target my_robot_interfaces__rosidl_generator_c
[0.033s] [ 12%] Built target ament_cmake_python_symlink_my_robot_interfaces
[0.040s] [ 22%] Built target my_robot_interfaces__rosidl_typesupport_cpp
[0.040s] [ 32%] Built target my_robot_interfaces__rosidl_typesupport_introspection_c
[0.041s] [ 41%] Built target my_robot_interfaces__rosidl_typesupport_c
[0.041s] [ 51%] Built target my_robot_interfaces__rosidl_typesupport_fastrtps_c
[0.042s] [ 61%] Built target my_robot_interfaces__rosidl_typesupport_fastrtps_cpp
[0.043s] [ 70%] Built target my_robot_interfaces__rosidl_typesupport_introspection_cpp
[0.048s] [ 70%] Built target my_robot_interfaces
[0.053s] [ 74%] Built target my_robot_interfaces__py
[0.061s] [ 80%] Built target my_robot_interfaces__rosidl_generator_py
[0.069s] [ 93%] Built target my_robot_interfaces__rosidl_typesupport_introspection_c__pyext
[0.069s] [ 93%] Built target my_robot_interfaces__rosidl_typesupport_fastrtps_c__pyext
[0.069s] [100%] Built target my_robot_interfaces__rosidl_typesupport_c__pyext
[0.239s] running egg_info
[0.259s] writing my_robot_interfaces.egg-info/PKG-INFO
[0.259s] writing dependency_links to my_robot_interfaces.egg-info/dependency_links.txt
[0.260s] writing top-level names to my_robot_interfaces.egg-info/top_level.txt
[0.316s] reading manifest file 'my_robot_interfaces.egg-info/SOURCES.txt'
[0.317s] writing manifest file 'my_robot_interfaces.egg-info/SOURCES.txt'
[0.333s] [100%] Built target ament_cmake_python_build_my_robot_interfaces_egg
[0.337s] Invoked command in '/home/raz/projects/ros2_advanced_concepts/ros2_ws/build/my_robot_interfaces' returned '0': CMAKE_PREFIX_PATH=${CMAKE_PREFIX_PATH}:/home/raz/projects/ros2_advanced_concepts/ros2_ws/install/actions_py:/home/raz/projects/manipulator-project/Arduino-Bot/arduinobot_ws/install/arduinobot_py_examples:/home/raz/ros2_ws/install/centerofmass_detection:/home/raz/projects/manipulator-project/arduinobot_ws/install/arduinobot_py_examples:/opt/ros/humble /usr/local/bin/cmake --build /home/raz/projects/ros2_advanced_concepts/ros2_ws/build/my_robot_interfaces -- -j12 -l12
[0.340s] Invoking command in '/home/raz/projects/ros2_advanced_concepts/ros2_ws/build/my_robot_interfaces': CMAKE_PREFIX_PATH=${CMAKE_PREFIX_PATH}:/home/raz/projects/ros2_advanced_concepts/ros2_ws/install/actions_py:/home/raz/projects/manipulator-project/Arduino-Bot/arduinobot_ws/install/arduinobot_py_examples:/home/raz/ros2_ws/install/centerofmass_detection:/home/raz/projects/manipulator-project/arduinobot_ws/install/arduinobot_py_examples:/opt/ros/humble /usr/local/bin/cmake --install /home/raz/projects/ros2_advanced_concepts/ros2_ws/build/my_robot_interfaces
[0.341s] -- Install configuration: ""
[0.342s] -- Execute custom install script
[0.342s] -- Up-to-date symlink: /home/raz/projects/ros2_advanced_concepts/ros2_ws/install/my_robot_interfaces/share/ament_index/resource_index/rosidl_interfaces/my_robot_interfaces
[0.342s] -- Up-to-date symlink: /home/raz/projects/ros2_advanced_concepts/ros2_ws/install/my_robot_interfaces/include/my_robot_interfaces/my_robot_interfaces/action/count_until.h
[0.342s] -- Up-to-date symlink: /home/raz/projects/ros2_advanced_concepts/ros2_ws/install/my_robot_interfaces/include/my_robot_interfaces/my_robot_interfaces/action/detail/count_until__functions.h
[0.342s] -- Up-to-date symlink: /home/raz/projects/ros2_advanced_concepts/ros2_ws/install/my_robot_interfaces/include/my_robot_interfaces/my_robot_interfaces/action/detail/count_until__struct.h
[0.343s] -- Up-to-date symlink: /home/raz/projects/ros2_advanced_concepts/ros2_ws/install/my_robot_interfaces/include/my_robot_interfaces/my_robot_interfaces/action/detail/count_until__type_support.h
[0.343s] -- Up-to-date symlink: /home/raz/projects/ros2_advanced_concepts/ros2_ws/install/my_robot_interfaces/include/my_robot_interfaces/my_robot_interfaces/msg/rosidl_generator_c__visibility_control.h
[0.343s] -- Up-to-date symlink: /home/raz/projects/ros2_advanced_concepts/ros2_ws/install/my_robot_interfaces/share/my_robot_interfaces/environment/library_path.sh
[0.343s] -- Up-to-date symlink: /home/raz/projects/ros2_advanced_concepts/ros2_ws/install/my_robot_interfaces/share/my_robot_interfaces/environment/library_path.dsv
[0.343s] -- Up-to-date symlink: /home/raz/projects/ros2_advanced_concepts/ros2_ws/install/my_robot_interfaces/include/my_robot_interfaces/my_robot_interfaces/action/detail/count_until__rosidl_typesupport_fastrtps_c.h
[0.343s] -- Up-to-date symlink: /home/raz/projects/ros2_advanced_concepts/ros2_ws/install/my_robot_interfaces/include/my_robot_interfaces/my_robot_interfaces/msg/rosidl_typesupport_fastrtps_c__visibility_control.h
[0.344s] -- Up-to-date symlink: /home/raz/projects/ros2_advanced_concepts/ros2_ws/install/my_robot_interfaces/include/my_robot_interfaces/my_robot_interfaces/action/detail/count_until__rosidl_typesupport_introspection_c.h
[0.344s] -- Up-to-date symlink: /home/raz/projects/ros2_advanced_concepts/ros2_ws/install/my_robot_interfaces/include/my_robot_interfaces/my_robot_interfaces/msg/rosidl_typesupport_introspection_c__visibility_control.h
[0.344s] -- Up-to-date symlink: /home/raz/projects/ros2_advanced_concepts/ros2_ws/install/my_robot_interfaces/include/my_robot_interfaces/my_robot_interfaces/action/count_until.hpp
[0.344s] -- Up-to-date symlink: /home/raz/projects/ros2_advanced_concepts/ros2_ws/install/my_robot_interfaces/include/my_robot_interfaces/my_robot_interfaces/action/detail/count_until__builder.hpp
[0.344s] -- Up-to-date symlink: /home/raz/projects/ros2_advanced_concepts/ros2_ws/install/my_robot_interfaces/include/my_robot_interfaces/my_robot_interfaces/action/detail/count_until__struct.hpp
[0.344s] -- Up-to-date symlink: /home/raz/projects/ros2_advanced_concepts/ros2_ws/install/my_robot_interfaces/include/my_robot_interfaces/my_robot_interfaces/action/detail/count_until__traits.hpp
[0.344s] -- Up-to-date symlink: /home/raz/projects/ros2_advanced_concepts/ros2_ws/install/my_robot_interfaces/include/my_robot_interfaces/my_robot_interfaces/action/detail/count_until__type_support.hpp
[0.345s] -- Up-to-date symlink: /home/raz/projects/ros2_advanced_concepts/ros2_ws/install/my_robot_interfaces/include/my_robot_interfaces/my_robot_interfaces/msg/rosidl_generator_cpp__visibility_control.hpp
[0.345s] -- Up-to-date symlink: /home/raz/projects/ros2_advanced_concepts/ros2_ws/install/my_robot_interfaces/include/my_robot_interfaces/my_robot_interfaces/action/detail/count_until__rosidl_typesupport_fastrtps_cpp.hpp
[0.345s] -- Up-to-date symlink: /home/raz/projects/ros2_advanced_concepts/ros2_ws/install/my_robot_interfaces/include/my_robot_interfaces/my_robot_interfaces/msg/rosidl_typesupport_fastrtps_cpp__visibility_control.h
[0.345s] -- Up-to-date symlink: /home/raz/projects/ros2_advanced_concepts/ros2_ws/install/my_robot_interfaces/include/my_robot_interfaces/my_robot_interfaces/action/detail/count_until__rosidl_typesupport_introspection_cpp.hpp
[0.345s] -- Up-to-date symlink: /home/raz/projects/ros2_advanced_concepts/ros2_ws/install/my_robot_interfaces/share/my_robot_interfaces/environment/pythonpath.sh
[0.345s] -- Up-to-date symlink: /home/raz/projects/ros2_advanced_concepts/ros2_ws/install/my_robot_interfaces/share/my_robot_interfaces/environment/pythonpath.dsv
[0.346s] -- Up-to-date symlink: /home/raz/projects/ros2_advanced_concepts/ros2_ws/install/my_robot_interfaces/local/lib/python3.10/dist-packages/my_robot_interfaces-0.0.0-py3.10.egg-info/PKG-INFO
[0.346s] -- Up-to-date symlink: /home/raz/projects/ros2_advanced_concepts/ros2_ws/install/my_robot_interfaces/local/lib/python3.10/dist-packages/my_robot_interfaces-0.0.0-py3.10.egg-info/SOURCES.txt
[0.346s] -- Up-to-date symlink: /home/raz/projects/ros2_advanced_concepts/ros2_ws/install/my_robot_interfaces/local/lib/python3.10/dist-packages/my_robot_interfaces-0.0.0-py3.10.egg-info/dependency_links.txt
[0.346s] -- Up-to-date symlink: /home/raz/projects/ros2_advanced_concepts/ros2_ws/install/my_robot_interfaces/local/lib/python3.10/dist-packages/my_robot_interfaces-0.0.0-py3.10.egg-info/top_level.txt
[0.346s] -- Up-to-date symlink: /home/raz/projects/ros2_advanced_concepts/ros2_ws/install/my_robot_interfaces/local/lib/python3.10/dist-packages/my_robot_interfaces/__init__.py
[0.347s] -- Up-to-date symlink: /home/raz/projects/ros2_advanced_concepts/ros2_ws/install/my_robot_interfaces/local/lib/python3.10/dist-packages/my_robot_interfaces/_my_robot_interfaces_s.ep.rosidl_typesupport_c.c
[0.347s] -- Up-to-date symlink: /home/raz/projects/ros2_advanced_concepts/ros2_ws/install/my_robot_interfaces/local/lib/python3.10/dist-packages/my_robot_interfaces/_my_robot_interfaces_s.ep.rosidl_typesupport_fastrtps_c.c
[0.347s] -- Up-to-date symlink: /home/raz/projects/ros2_advanced_concepts/ros2_ws/install/my_robot_interfaces/local/lib/python3.10/dist-packages/my_robot_interfaces/_my_robot_interfaces_s.ep.rosidl_typesupport_introspection_c.c
[0.347s] -- Up-to-date symlink: /home/raz/projects/ros2_advanced_concepts/ros2_ws/install/my_robot_interfaces/local/lib/python3.10/dist-packages/my_robot_interfaces/action/__init__.py
[0.347s] -- Up-to-date symlink: /home/raz/projects/ros2_advanced_concepts/ros2_ws/install/my_robot_interfaces/local/lib/python3.10/dist-packages/my_robot_interfaces/action/_count_until.py
[0.347s] -- Up-to-date symlink: /home/raz/projects/ros2_advanced_concepts/ros2_ws/install/my_robot_interfaces/local/lib/python3.10/dist-packages/my_robot_interfaces/action/_count_until_s.c
[0.347s] -- Up-to-date symlink: /home/raz/projects/ros2_advanced_concepts/ros2_ws/install/my_robot_interfaces/local/lib/python3.10/dist-packages/my_robot_interfaces/libmy_robot_interfaces__rosidl_generator_py.so
[0.347s] -- Up-to-date symlink: /home/raz/projects/ros2_advanced_concepts/ros2_ws/install/my_robot_interfaces/local/lib/python3.10/dist-packages/my_robot_interfaces/my_robot_interfaces_s__rosidl_typesupport_c.cpython-310-x86_64-linux-gnu.so
[0.347s] -- Up-to-date symlink: /home/raz/projects/ros2_advanced_concepts/ros2_ws/install/my_robot_interfaces/local/lib/python3.10/dist-packages/my_robot_interfaces/my_robot_interfaces_s__rosidl_typesupport_fastrtps_c.cpython-310-x86_64-linux-gnu.so
[0.347s] -- Up-to-date symlink: /home/raz/projects/ros2_advanced_concepts/ros2_ws/install/my_robot_interfaces/local/lib/python3.10/dist-packages/my_robot_interfaces/my_robot_interfaces_s__rosidl_typesupport_introspection_c.cpython-310-x86_64-linux-gnu.so
[0.348s] -- Up-to-date symlink: /home/raz/projects/ros2_advanced_concepts/ros2_ws/install/my_robot_interfaces/local/lib/python3.10/dist-packages/my_robot_interfaces/my_robot_interfaces_s__rosidl_typesupport_fastrtps_c.cpython-310-x86_64-linux-gnu.so
[0.348s] -- Up-to-date symlink: /home/raz/projects/ros2_advanced_concepts/ros2_ws/install/my_robot_interfaces/local/lib/python3.10/dist-packages/my_robot_interfaces/my_robot_interfaces_s__rosidl_typesupport_introspection_c.cpython-310-x86_64-linux-gnu.so
[0.348s] -- Up-to-date symlink: /home/raz/projects/ros2_advanced_concepts/ros2_ws/install/my_robot_interfaces/local/lib/python3.10/dist-packages/my_robot_interfaces/my_robot_interfaces_s__rosidl_typesupport_c.cpython-310-x86_64-linux-gnu.so
[0.348s] -- Up-to-date symlink: /home/raz/projects/ros2_advanced_concepts/ros2_ws/install/my_robot_interfaces/share/my_robot_interfaces/action/CountUntil.idl
[0.348s] -- Up-to-date symlink: /home/raz/projects/ros2_advanced_concepts/ros2_ws/install/my_robot_interfaces/share/my_robot_interfaces/action/CountUntil.action
[0.348s] -- Up-to-date symlink: /home/raz/projects/ros2_advanced_concepts/ros2_ws/install/my_robot_interfaces/share/ament_index/resource_index/package_run_dependencies/my_robot_interfaces
[0.349s] -- Up-to-date symlink: /home/raz/projects/ros2_advanced_concepts/ros2_ws/install/my_robot_interfaces/share/ament_index/resource_index/parent_prefix_path/my_robot_interfaces
[0.349s] -- Up-to-date symlink: /home/raz/projects/ros2_advanced_concepts/ros2_ws/install/my_robot_interfaces/share/my_robot_interfaces/environment/ament_prefix_path.sh
[0.349s] -- Up-to-date symlink: /home/raz/projects/ros2_advanced_concepts/ros2_ws/install/my_robot_interfaces/share/my_robot_interfaces/environment/ament_prefix_path.dsv
[0.349s] -- Up-to-date symlink: /home/raz/projects/ros2_advanced_concepts/ros2_ws/install/my_robot_interfaces/share/my_robot_interfaces/environment/path.sh
[0.349s] -- Up-to-date symlink: /home/raz/projects/ros2_advanced_concepts/ros2_ws/install/my_robot_interfaces/share/my_robot_interfaces/environment/path.dsv
[0.349s] -- Up-to-date symlink: /home/raz/projects/ros2_advanced_concepts/ros2_ws/install/my_robot_interfaces/share/my_robot_interfaces/local_setup.bash
[0.349s] -- Up-to-date symlink: /home/raz/projects/ros2_advanced_concepts/ros2_ws/install/my_robot_interfaces/share/my_robot_interfaces/local_setup.sh
[0.349s] -- Up-to-date symlink: /home/raz/projects/ros2_advanced_concepts/ros2_ws/install/my_robot_interfaces/share/my_robot_interfaces/local_setup.zsh
[0.350s] -- Up-to-date symlink: /home/raz/projects/ros2_advanced_concepts/ros2_ws/install/my_robot_interfaces/share/my_robot_interfaces/local_setup.dsv
[0.350s] -- Symlinking: /home/raz/projects/ros2_advanced_concepts/ros2_ws/install/my_robot_interfaces/share/my_robot_interfaces/package.dsv
[0.352s] -- Up-to-date symlink: /home/raz/projects/ros2_advanced_concepts/ros2_ws/install/my_robot_interfaces/share/ament_index/resource_index/packages/my_robot_interfaces
[0.352s] -- Up-to-date symlink: /home/raz/projects/ros2_advanced_concepts/ros2_ws/install/my_robot_interfaces/share/my_robot_interfaces/cmake/rosidl_cmake-extras.cmake
[0.352s] -- Up-to-date symlink: /home/raz/projects/ros2_advanced_concepts/ros2_ws/install/my_robot_interfaces/share/my_robot_interfaces/cmake/ament_cmake_export_dependencies-extras.cmake
[0.352s] -- Up-to-date symlink: /home/raz/projects/ros2_advanced_concepts/ros2_ws/install/my_robot_interfaces/share/my_robot_interfaces/cmake/ament_cmake_export_include_directories-extras.cmake
[0.352s] -- Up-to-date symlink: /home/raz/projects/ros2_advanced_concepts/ros2_ws/install/my_robot_interfaces/share/my_robot_interfaces/cmake/ament_cmake_export_libraries-extras.cmake
[0.352s] -- Up-to-date symlink: /home/raz/projects/ros2_advanced_concepts/ros2_ws/install/my_robot_interfaces/share/my_robot_interfaces/cmake/ament_cmake_export_targets-extras.cmake
[0.352s] -- Up-to-date symlink: /home/raz/projects/ros2_advanced_concepts/ros2_ws/install/my_robot_interfaces/share/my_robot_interfaces/cmake/rosidl_cmake_export_typesupport_targets-extras.cmake
[0.352s] -- Up-to-date symlink: /home/raz/projects/ros2_advanced_concepts/ros2_ws/install/my_robot_interfaces/share/my_robot_interfaces/cmake/rosidl_cmake_export_typesupport_libraries-extras.cmake
[0.353s] -- Up-to-date symlink: /home/raz/projects/ros2_advanced_concepts/ros2_ws/install/my_robot_interfaces/share/my_robot_interfaces/cmake/my_robot_interfacesConfig.cmake
[0.353s] -- Up-to-date symlink: /home/raz/projects/ros2_advanced_concepts/ros2_ws/install/my_robot_interfaces/share/my_robot_interfaces/cmake/my_robot_interfacesConfig-version.cmake
[0.353s] -- Up-to-date symlink: /home/raz/projects/ros2_advanced_concepts/ros2_ws/install/my_robot_interfaces/share/my_robot_interfaces/package.xml
[0.353s] -- Up-to-date: /home/raz/projects/ros2_advanced_concepts/ros2_ws/install/my_robot_interfaces/lib/libmy_robot_interfaces__rosidl_generator_c.so
[0.353s] -- Up-to-date: /home/raz/projects/ros2_advanced_concepts/ros2_ws/install/my_robot_interfaces/lib/libmy_robot_interfaces__rosidl_typesupport_fastrtps_c.so
[0.353s] -- Up-to-date: /home/raz/projects/ros2_advanced_concepts/ros2_ws/install/my_robot_interfaces/lib/libmy_robot_interfaces__rosidl_typesupport_introspection_c.so
[0.353s] -- Up-to-date: /home/raz/projects/ros2_advanced_concepts/ros2_ws/install/my_robot_interfaces/lib/libmy_robot_interfaces__rosidl_typesupport_c.so
[0.354s] -- Up-to-date: /home/raz/projects/ros2_advanced_concepts/ros2_ws/install/my_robot_interfaces/lib/libmy_robot_interfaces__rosidl_typesupport_fastrtps_cpp.so
[0.354s] -- Up-to-date: /home/raz/projects/ros2_advanced_concepts/ros2_ws/install/my_robot_interfaces/lib/libmy_robot_interfaces__rosidl_typesupport_introspection_cpp.so
[0.354s] -- Up-to-date: /home/raz/projects/ros2_advanced_concepts/ros2_ws/install/my_robot_interfaces/lib/libmy_robot_interfaces__rosidl_typesupport_cpp.so
[0.384s] Listing '/home/raz/projects/ros2_advanced_concepts/ros2_ws/install/my_robot_interfaces/local/lib/python3.10/dist-packages/my_robot_interfaces'...
[0.384s] Listing '/home/raz/projects/ros2_advanced_concepts/ros2_ws/install/my_robot_interfaces/local/lib/python3.10/dist-packages/my_robot_interfaces/action'...
[0.387s] -- Up-to-date: /home/raz/projects/ros2_advanced_concepts/ros2_ws/install/my_robot_interfaces/lib/libmy_robot_interfaces__rosidl_generator_py.so
[0.387s] -- Up-to-date: /home/raz/projects/ros2_advanced_concepts/ros2_ws/install/my_robot_interfaces/share/my_robot_interfaces/cmake/export_my_robot_interfaces__rosidl_generator_cExport.cmake
[0.387s] -- Up-to-date: /home/raz/projects/ros2_advanced_concepts/ros2_ws/install/my_robot_interfaces/share/my_robot_interfaces/cmake/export_my_robot_interfaces__rosidl_generator_cExport-noconfig.cmake
[0.387s] -- Up-to-date: /home/raz/projects/ros2_advanced_concepts/ros2_ws/install/my_robot_interfaces/share/my_robot_interfaces/cmake/export_my_robot_interfaces__rosidl_typesupport_fastrtps_cExport.cmake
[0.387s] -- Up-to-date: /home/raz/projects/ros2_advanced_concepts/ros2_ws/install/my_robot_interfaces/share/my_robot_interfaces/cmake/export_my_robot_interfaces__rosidl_typesupport_fastrtps_cExport-noconfig.cmake
[0.388s] -- Up-to-date: /home/raz/projects/ros2_advanced_concepts/ros2_ws/install/my_robot_interfaces/share/my_robot_interfaces/cmake/my_robot_interfaces__rosidl_typesupport_introspection_cExport.cmake
[0.388s] -- Up-to-date: /home/raz/projects/ros2_advanced_concepts/ros2_ws/install/my_robot_interfaces/share/my_robot_interfaces/cmake/my_robot_interfaces__rosidl_typesupport_introspection_cExport-noconfig.cmake
[0.388s] -- Up-to-date: /home/raz/projects/ros2_advanced_concepts/ros2_ws/install/my_robot_interfaces/share/my_robot_interfaces/cmake/my_robot_interfaces__rosidl_typesupport_cExport.cmake
[0.388s] -- Up-to-date: /home/raz/projects/ros2_advanced_concepts/ros2_ws/install/my_robot_interfaces/share/my_robot_interfaces/cmake/my_robot_interfaces__rosidl_typesupport_cExport-noconfig.cmake
[0.388s] -- Up-to-date: /home/raz/projects/ros2_advanced_concepts/ros2_ws/install/my_robot_interfaces/share/my_robot_interfaces/cmake/export_my_robot_interfaces__rosidl_generator_cppExport.cmake
[0.388s] -- Up-to-date: /home/raz/projects/ros2_advanced_concepts/ros2_ws/install/my_robot_interfaces/share/my_robot_interfaces/cmake/export_my_robot_interfaces__rosidl_typesupport_fastrtps_cppExport.cmake
[0.388s] -- Up-to-date: /home/raz/projects/ros2_advanced_concepts/ros2_ws/install/my_robot_interfaces/share/my_robot_interfaces/cmake/export_my_robot_interfaces__rosidl_typesupport_fastrtps_cppExport-noconfig.cmake
[0.388s] -- Up-to-date: /home/raz/projects/ros2_advanced_concepts/ros2_ws/install/my_robot_interfaces/share/my_robot_interfaces/cmake/my_robot_interfaces__rosidl_typesupport_introspection_cppExport.cmake
[0.388s] -- Up-to-date: /home/raz/projects/ros2_advanced_concepts/ros2_ws/install/my_robot_interfaces/share/my_robot_interfaces/cmake/my_robot_interfaces__rosidl_typesupport_introspection_cppExport-noconfig.cmake
[0.388s] -- Up-to-date: /home/raz/projects/ros2_advanced_concepts/ros2_ws/install/my_robot_interfaces/share/my_robot_interfaces/cmake/my_robot_interfaces__rosidl_typesupport_cppExport.cmake
[0.388s] -- Up-to-date: /home/raz/projects/ros2_advanced_concepts/ros2_ws/install/my_robot_interfaces/share/my_robot_interfaces/cmake/my_robot_interfaces__rosidl_typesupport_cppExport-noconfig.cmake
[0.388s] -- Up-to-date: /home/raz/projects/ros2_advanced_concepts/ros2_ws/install/my_robot_interfaces/share/my_robot_interfaces/cmake/export_my_robot_interfaces__rosidl_generator_pyExport.cmake
[0.388s] -- Up-to-date: /home/raz/projects/ros2_advanced_concepts/ros2_ws/install/my_robot_interfaces/share/my_robot_interfaces/cmake/export_my_robot_interfaces__rosidl_generator_pyExport-noconfig.cmake
[0.389s] Invoked command in '/home/raz/projects/ros2_advanced_concepts/ros2_ws/build/my_robot_interfaces' returned '0': CMAKE_PREFIX_PATH=${CMAKE_PREFIX_PATH}:/home/raz/projects/ros2_advanced_concepts/ros2_ws/install/actions_py:/home/raz/projects/manipulator-project/Arduino-Bot/arduinobot_ws/install/arduinobot_py_examples:/home/raz/ros2_ws/install/centerofmass_detection:/home/raz/projects/manipulator-project/arduinobot_ws/install/arduinobot_py_examples:/opt/ros/humble /usr/local/bin/cmake --install /home/raz/projects/ros2_advanced_concepts/ros2_ws/build/my_robot_interfaces
