[0.099s] [34mcolcon[0m [1;30mDEBUG[0m [32mCommand line arguments: ['/usr/bin/colcon', 'build', '--symlink-install'][0m
[0.099s] [34mcolcon[0m [1;30mDEBUG[0m [32mParsed command line arguments: Namespace(log_base=None, log_level=None, verb_name='build', build_base='build', install_base='install', merge_install=False, symlink_install=True, test_result_base=None, continue_on_error=False, executor='parallel', parallel_workers=12, event_handlers=None, ignore_user_meta=False, metas=['./colcon.meta'], base_paths=['.'], packages_ignore=None, packages_ignore_regex=None, paths=None, packages_up_to=None, packages_up_to_regex=None, packages_above=None, packages_above_and_dependencies=None, packages_above_depth=None, packages_select_by_dep=None, packages_skip_by_dep=None, packages_skip_up_to=None, packages_select_build_failed=False, packages_skip_build_finished=False, packages_select_test_failures=False, packages_skip_test_passed=False, packages_select=None, packages_skip=None, packages_select_regex=None, packages_skip_regex=None, packages_start=None, packages_end=None, allow_overriding=[], cmake_args=None, cmake_target=None, cmake_target_skip_unavailable=False, cmake_clean_cache=False, cmake_clean_first=False, cmake_force_configure=False, ament_cmake_args=None, catkin_cmake_args=None, catkin_skip_building_tests=False, mixin_files=None, mixin=None, verb_parser=<colcon_mixin.mixin.mixin_argument.MixinArgumentDecorator object at 0x74e467d4c580>, verb_extension=<colcon_core.verb.build.BuildVerb object at 0x74e467d17dc0>, main=<bound method BuildVerb.main of <colcon_core.verb.build.BuildVerb object at 0x74e467d17dc0>>, mixin_verb=('build',))[0m
[0.130s] [34mcolcon.colcon_core.package_discovery[0m [1;30mLevel 1[0m discover_packages(colcon_meta) check parameters
[0.130s] [34mcolcon.colcon_core.package_discovery[0m [1;30mLevel 1[0m discover_packages(recursive) check parameters
[0.130s] [34mcolcon.colcon_core.package_discovery[0m [1;30mLevel 1[0m discover_packages(ignore) check parameters
[0.130s] [34mcolcon.colcon_core.package_discovery[0m [1;30mLevel 1[0m discover_packages(path) check parameters
[0.130s] [34mcolcon.colcon_core.package_discovery[0m [1;30mLevel 1[0m discover_packages(colcon_meta) discover
[0.130s] [34mcolcon.colcon_core.package_discovery[0m [1;30mLevel 1[0m discover_packages(recursive) discover
[0.130s] [34mcolcon.colcon_core.package_discovery[0m [1;30mINFO[0m Crawling recursively for packages in '/home/raz/projects/ros2_advanced_concepts/ros2_ws'
[0.130s] [34mcolcon.colcon_core.package_identification[0m [1;30mLevel 1[0m _identify(.) by extensions ['ignore', 'ignore_ament_install']
[0.130s] [34mcolcon.colcon_core.package_identification[0m [1;30mLevel 1[0m _identify(.) by extension 'ignore'
[0.130s] [34mcolcon.colcon_core.package_identification[0m [1;30mLevel 1[0m _identify(.) by extension 'ignore_ament_install'
[0.130s] [34mcolcon.colcon_core.package_identification[0m [1;30mLevel 1[0m _identify(.) by extensions ['colcon_pkg']
[0.130s] [34mcolcon.colcon_core.package_identification[0m [1;30mLevel 1[0m _identify(.) by extension 'colcon_pkg'
[0.130s] [34mcolcon.colcon_core.package_identification[0m [1;30mLevel 1[0m _identify(.) by extensions ['colcon_meta']
[0.130s] [34mcolcon.colcon_core.package_identification[0m [1;30mLevel 1[0m _identify(.) by extension 'colcon_meta'
[0.130s] [34mcolcon.colcon_core.package_identification[0m [1;30mLevel 1[0m _identify(.) by extensions ['ros']
[0.130s] [34mcolcon.colcon_core.package_identification[0m [1;30mLevel 1[0m _identify(.) by extension 'ros'
[0.141s] [34mcolcon.colcon_core.package_identification[0m [1;30mLevel 1[0m _identify(.) by extensions ['cmake', 'python']
[0.141s] [34mcolcon.colcon_core.package_identification[0m [1;30mLevel 1[0m _identify(.) by extension 'cmake'
[0.142s] [34mcolcon.colcon_core.package_identification[0m [1;30mLevel 1[0m _identify(.) by extension 'python'
[0.142s] [34mcolcon.colcon_core.package_identification[0m [1;30mLevel 1[0m _identify(.) by extensions ['python_setup_py']
[0.142s] [34mcolcon.colcon_core.package_identification[0m [1;30mLevel 1[0m _identify(.) by extension 'python_setup_py'
[0.142s] [34mcolcon.colcon_core.package_identification[0m [1;30mLevel 1[0m _identify(build) by extensions ['ignore', 'ignore_ament_install']
[0.142s] [34mcolcon.colcon_core.package_identification[0m [1;30mLevel 1[0m _identify(build) by extension 'ignore'
[0.142s] [34mcolcon.colcon_core.package_identification[0m [1;30mLevel 1[0m _identify(build) ignored
[0.142s] [34mcolcon.colcon_core.package_identification[0m [1;30mLevel 1[0m _identify(install) by extensions ['ignore', 'ignore_ament_install']
[0.142s] [34mcolcon.colcon_core.package_identification[0m [1;30mLevel 1[0m _identify(install) by extension 'ignore'
[0.142s] [34mcolcon.colcon_core.package_identification[0m [1;30mLevel 1[0m _identify(install) ignored
[0.142s] [34mcolcon.colcon_core.package_identification[0m [1;30mLevel 1[0m _identify(log) by extensions ['ignore', 'ignore_ament_install']
[0.142s] [34mcolcon.colcon_core.package_identification[0m [1;30mLevel 1[0m _identify(log) by extension 'ignore'
[0.142s] [34mcolcon.colcon_core.package_identification[0m [1;30mLevel 1[0m _identify(log) ignored
[0.142s] [34mcolcon.colcon_core.package_identification[0m [1;30mLevel 1[0m _identify(src) by extensions ['ignore', 'ignore_ament_install']
[0.142s] [34mcolcon.colcon_core.package_identification[0m [1;30mLevel 1[0m _identify(src) by extension 'ignore'
[0.142s] [34mcolcon.colcon_core.package_identification[0m [1;30mLevel 1[0m _identify(src) by extension 'ignore_ament_install'
[0.142s] [34mcolcon.colcon_core.package_identification[0m [1;30mLevel 1[0m _identify(src) by extensions ['colcon_pkg']
[0.142s] [34mcolcon.colcon_core.package_identification[0m [1;30mLevel 1[0m _identify(src) by extension 'colcon_pkg'
[0.142s] [34mcolcon.colcon_core.package_identification[0m [1;30mLevel 1[0m _identify(src) by extensions ['colcon_meta']
[0.142s] [34mcolcon.colcon_core.package_identification[0m [1;30mLevel 1[0m _identify(src) by extension 'colcon_meta'
[0.142s] [34mcolcon.colcon_core.package_identification[0m [1;30mLevel 1[0m _identify(src) by extensions ['ros']
[0.142s] [34mcolcon.colcon_core.package_identification[0m [1;30mLevel 1[0m _identify(src) by extension 'ros'
[0.143s] [34mcolcon.colcon_core.package_identification[0m [1;30mLevel 1[0m _identify(src) by extensions ['cmake', 'python']
[0.143s] [34mcolcon.colcon_core.package_identification[0m [1;30mLevel 1[0m _identify(src) by extension 'cmake'
[0.143s] [34mcolcon.colcon_core.package_identification[0m [1;30mLevel 1[0m _identify(src) by extension 'python'
[0.143s] [34mcolcon.colcon_core.package_identification[0m [1;30mLevel 1[0m _identify(src) by extensions ['python_setup_py']
[0.143s] [34mcolcon.colcon_core.package_identification[0m [1;30mLevel 1[0m _identify(src) by extension 'python_setup_py'
[0.143s] [34mcolcon.colcon_core.package_identification[0m [1;30mLevel 1[0m _identify(src/actions_py) by extensions ['ignore', 'ignore_ament_install']
[0.143s] [34mcolcon.colcon_core.package_identification[0m [1;30mLevel 1[0m _identify(src/actions_py) by extension 'ignore'
[0.143s] [34mcolcon.colcon_core.package_identification[0m [1;30mLevel 1[0m _identify(src/actions_py) by extension 'ignore_ament_install'
[0.143s] [34mcolcon.colcon_core.package_identification[0m [1;30mLevel 1[0m _identify(src/actions_py) by extensions ['colcon_pkg']
[0.143s] [34mcolcon.colcon_core.package_identification[0m [1;30mLevel 1[0m _identify(src/actions_py) by extension 'colcon_pkg'
[0.143s] [34mcolcon.colcon_core.package_identification[0m [1;30mLevel 1[0m _identify(src/actions_py) by extensions ['colcon_meta']
[0.143s] [34mcolcon.colcon_core.package_identification[0m [1;30mLevel 1[0m _identify(src/actions_py) by extension 'colcon_meta'
[0.143s] [34mcolcon.colcon_core.package_identification[0m [1;30mLevel 1[0m _identify(src/actions_py) by extensions ['ros']
[0.143s] [34mcolcon.colcon_core.package_identification[0m [1;30mLevel 1[0m _identify(src/actions_py) by extension 'ros'
[0.145s] [34mcolcon.colcon_core.package_identification[0m [1;30mDEBUG[0m [32mPackage 'src/actions_py' with type 'ros.ament_python' and name 'actions_py'[0m
[0.145s] [34mcolcon.colcon_core.package_identification[0m [1;30mLevel 1[0m _identify(src/my_robot_interfaces) by extensions ['ignore', 'ignore_ament_install']
[0.145s] [34mcolcon.colcon_core.package_identification[0m [1;30mLevel 1[0m _identify(src/my_robot_interfaces) by extension 'ignore'
[0.145s] [34mcolcon.colcon_core.package_identification[0m [1;30mLevel 1[0m _identify(src/my_robot_interfaces) by extension 'ignore_ament_install'
[0.145s] [34mcolcon.colcon_core.package_identification[0m [1;30mLevel 1[0m _identify(src/my_robot_interfaces) by extensions ['colcon_pkg']
[0.145s] [34mcolcon.colcon_core.package_identification[0m [1;30mLevel 1[0m _identify(src/my_robot_interfaces) by extension 'colcon_pkg'
[0.146s] [34mcolcon.colcon_core.package_identification[0m [1;30mLevel 1[0m _identify(src/my_robot_interfaces) by extensions ['colcon_meta']
[0.146s] [34mcolcon.colcon_core.package_identification[0m [1;30mLevel 1[0m _identify(src/my_robot_interfaces) by extension 'colcon_meta'
[0.146s] [34mcolcon.colcon_core.package_identification[0m [1;30mLevel 1[0m _identify(src/my_robot_interfaces) by extensions ['ros']
[0.146s] [34mcolcon.colcon_core.package_identification[0m [1;30mLevel 1[0m _identify(src/my_robot_interfaces) by extension 'ros'
[0.146s] [34mcolcon.colcon_core.package_identification[0m [1;30mDEBUG[0m [32mPackage 'src/my_robot_interfaces' with type 'ros.ament_cmake' and name 'my_robot_interfaces'[0m
[0.146s] [34mcolcon.colcon_core.package_identification[0m [1;30mLevel 1[0m _identify(src/oop_tamplates) by extensions ['ignore', 'ignore_ament_install']
[0.146s] [34mcolcon.colcon_core.package_identification[0m [1;30mLevel 1[0m _identify(src/oop_tamplates) by extension 'ignore'
[0.146s] [34mcolcon.colcon_core.package_identification[0m [1;30mLevel 1[0m _identify(src/oop_tamplates) by extension 'ignore_ament_install'
[0.146s] [34mcolcon.colcon_core.package_identification[0m [1;30mLevel 1[0m _identify(src/oop_tamplates) by extensions ['colcon_pkg']
[0.146s] [34mcolcon.colcon_core.package_identification[0m [1;30mLevel 1[0m _identify(src/oop_tamplates) by extension 'colcon_pkg'
[0.146s] [34mcolcon.colcon_core.package_identification[0m [1;30mLevel 1[0m _identify(src/oop_tamplates) by extensions ['colcon_meta']
[0.146s] [34mcolcon.colcon_core.package_identification[0m [1;30mLevel 1[0m _identify(src/oop_tamplates) by extension 'colcon_meta'
[0.146s] [34mcolcon.colcon_core.package_identification[0m [1;30mLevel 1[0m _identify(src/oop_tamplates) by extensions ['ros']
[0.146s] [34mcolcon.colcon_core.package_identification[0m [1;30mLevel 1[0m _identify(src/oop_tamplates) by extension 'ros'
[0.146s] [34mcolcon.colcon_core.package_identification[0m [1;30mLevel 1[0m _identify(src/oop_tamplates) by extensions ['cmake', 'python']
[0.146s] [34mcolcon.colcon_core.package_identification[0m [1;30mLevel 1[0m _identify(src/oop_tamplates) by extension 'cmake'
[0.147s] [34mcolcon.colcon_core.package_identification[0m [1;30mLevel 1[0m _identify(src/oop_tamplates) by extension 'python'
[0.147s] [34mcolcon.colcon_core.package_identification[0m [1;30mLevel 1[0m _identify(src/oop_tamplates) by extensions ['python_setup_py']
[0.147s] [34mcolcon.colcon_core.package_identification[0m [1;30mLevel 1[0m _identify(src/oop_tamplates) by extension 'python_setup_py'
[0.147s] [34mcolcon.colcon_core.package_discovery[0m [1;30mLevel 1[0m discover_packages(recursive) using defaults
[0.147s] [34mcolcon.colcon_core.package_discovery[0m [1;30mLevel 1[0m discover_packages(ignore) discover
[0.147s] [34mcolcon.colcon_core.package_discovery[0m [1;30mLevel 1[0m discover_packages(ignore) using defaults
[0.147s] [34mcolcon.colcon_core.package_discovery[0m [1;30mLevel 1[0m discover_packages(path) discover
[0.147s] [34mcolcon.colcon_core.package_discovery[0m [1;30mLevel 1[0m discover_packages(path) using defaults
[0.160s] [34mcolcon.colcon_core.package_discovery[0m [1;30mLevel 1[0m discover_packages(prefix_path) check parameters
[0.160s] [34mcolcon.colcon_core.package_discovery[0m [1;30mLevel 1[0m discover_packages(prefix_path) discover
[0.161s] [34mcolcon.colcon_ros.prefix_path.ament[0m [1;30mWARNING[0m [33mThe path '/home/raz/projects/ros2_advanced_concepts/ros2_ws/install/actions_py' in the environment variable AMENT_PREFIX_PATH doesn't exist[0m
[0.161s] [34mcolcon.colcon_ros.prefix_path.ament[0m [1;30mWARNING[0m [33mThe path '/home/raz/projects/ros2_advanced_concepts/ros2_ws/install/my_robot_interfaces' in the environment variable AMENT_PREFIX_PATH doesn't exist[0m
[0.161s] [34mcolcon.colcon_ros.prefix_path.catkin[0m [1;30mWARNING[0m [33mThe path '/home/raz/projects/ros2_advanced_concepts/ros2_ws/install/my_robot_interfaces' in the environment variable CMAKE_PREFIX_PATH doesn't exist[0m
[0.162s] [34mcolcon.colcon_installed_package_information.package_discovery[0m [1;30mDEBUG[0m [32mFound 0 installed packages in /home/raz/projects/ros2_advanced_concepts/ros2_ws/install[0m
[0.162s] [34mcolcon.colcon_installed_package_information.package_discovery[0m [1;30mDEBUG[0m [32mFound 10 installed packages in /home/raz/projects/manipulator-project/arduinobot_ws/install[0m
[0.163s] [34mcolcon.colcon_installed_package_information.package_discovery[0m [1;30mDEBUG[0m [32mFound 10 installed packages in /home/raz/projects/manipulator-project/Arduino-Bot/arduinobot_ws/install[0m
[0.164s] [34mcolcon.colcon_installed_package_information.package_discovery[0m [1;30mDEBUG[0m [32mFound 2 installed packages in /home/raz/ros2_ws/install[0m
[0.164s] [34mcolcon.colcon_installed_package_information.package_discovery[0m [1;30mDEBUG[0m [32mFound 2 installed packages in /home/raz/projects/ros2_robotics_simulation/ros2_ws/install[0m
[0.165s] [34mcolcon.colcon_installed_package_information.package_discovery[0m [1;30mDEBUG[0m [32mFound 444 installed packages in /opt/ros/humble[0m
[0.167s] [34mcolcon.colcon_core.package_discovery[0m [1;30mLevel 1[0m discover_packages(prefix_path) using defaults
[0.209s] [34mcolcon.colcon_core.verb[0m [1;30mLevel 5[0m set package 'my_robot_interfaces' build argument 'cmake_args' from command line to 'None'
[0.209s] [34mcolcon.colcon_core.verb[0m [1;30mLevel 5[0m set package 'my_robot_interfaces' build argument 'cmake_target' from command line to 'None'
[0.210s] [34mcolcon.colcon_core.verb[0m [1;30mLevel 5[0m set package 'my_robot_interfaces' build argument 'cmake_target_skip_unavailable' from command line to 'False'
[0.210s] [34mcolcon.colcon_core.verb[0m [1;30mLevel 5[0m set package 'my_robot_interfaces' build argument 'cmake_clean_cache' from command line to 'False'
[0.210s] [34mcolcon.colcon_core.verb[0m [1;30mLevel 5[0m set package 'my_robot_interfaces' build argument 'cmake_clean_first' from command line to 'False'
[0.210s] [34mcolcon.colcon_core.verb[0m [1;30mLevel 5[0m set package 'my_robot_interfaces' build argument 'cmake_force_configure' from command line to 'False'
[0.210s] [34mcolcon.colcon_core.verb[0m [1;30mLevel 5[0m set package 'my_robot_interfaces' build argument 'ament_cmake_args' from command line to 'None'
[0.210s] [34mcolcon.colcon_core.verb[0m [1;30mLevel 5[0m set package 'my_robot_interfaces' build argument 'catkin_cmake_args' from command line to 'None'
[0.210s] [34mcolcon.colcon_core.verb[0m [1;30mLevel 5[0m set package 'my_robot_interfaces' build argument 'catkin_skip_building_tests' from command line to 'False'
[0.210s] [34mcolcon.colcon_core.verb[0m [1;30mDEBUG[0m [32mBuilding package 'my_robot_interfaces' with the following arguments: {'ament_cmake_args': None, 'build_base': '/home/raz/projects/ros2_advanced_concepts/ros2_ws/build/my_robot_interfaces', 'catkin_cmake_args': None, 'catkin_skip_building_tests': False, 'cmake_args': None, 'cmake_clean_cache': False, 'cmake_clean_first': False, 'cmake_force_configure': False, 'cmake_target': None, 'cmake_target_skip_unavailable': False, 'install_base': '/home/raz/projects/ros2_advanced_concepts/ros2_ws/install/my_robot_interfaces', 'merge_install': False, 'path': '/home/raz/projects/ros2_advanced_concepts/ros2_ws/src/my_robot_interfaces', 'symlink_install': True, 'test_result_base': None}[0m
[0.210s] [34mcolcon.colcon_core.verb[0m [1;30mLevel 5[0m set package 'actions_py' build argument 'cmake_args' from command line to 'None'
[0.210s] [34mcolcon.colcon_core.verb[0m [1;30mLevel 5[0m set package 'actions_py' build argument 'cmake_target' from command line to 'None'
[0.210s] [34mcolcon.colcon_core.verb[0m [1;30mLevel 5[0m set package 'actions_py' build argument 'cmake_target_skip_unavailable' from command line to 'False'
[0.210s] [34mcolcon.colcon_core.verb[0m [1;30mLevel 5[0m set package 'actions_py' build argument 'cmake_clean_cache' from command line to 'False'
[0.210s] [34mcolcon.colcon_core.verb[0m [1;30mLevel 5[0m set package 'actions_py' build argument 'cmake_clean_first' from command line to 'False'
[0.210s] [34mcolcon.colcon_core.verb[0m [1;30mLevel 5[0m set package 'actions_py' build argument 'cmake_force_configure' from command line to 'False'
[0.210s] [34mcolcon.colcon_core.verb[0m [1;30mLevel 5[0m set package 'actions_py' build argument 'ament_cmake_args' from command line to 'None'
[0.210s] [34mcolcon.colcon_core.verb[0m [1;30mLevel 5[0m set package 'actions_py' build argument 'catkin_cmake_args' from command line to 'None'
[0.210s] [34mcolcon.colcon_core.verb[0m [1;30mLevel 5[0m set package 'actions_py' build argument 'catkin_skip_building_tests' from command line to 'False'
[0.210s] [34mcolcon.colcon_core.verb[0m [1;30mDEBUG[0m [32mBuilding package 'actions_py' with the following arguments: {'ament_cmake_args': None, 'build_base': '/home/raz/projects/ros2_advanced_concepts/ros2_ws/build/actions_py', 'catkin_cmake_args': None, 'catkin_skip_building_tests': False, 'cmake_args': None, 'cmake_clean_cache': False, 'cmake_clean_first': False, 'cmake_force_configure': False, 'cmake_target': None, 'cmake_target_skip_unavailable': False, 'install_base': '/home/raz/projects/ros2_advanced_concepts/ros2_ws/install/actions_py', 'merge_install': False, 'path': '/home/raz/projects/ros2_advanced_concepts/ros2_ws/src/actions_py', 'symlink_install': True, 'test_result_base': None}[0m
[0.210s] [34mcolcon.colcon_core.executor[0m [1;30mINFO[0m Executing jobs using 'parallel' executor
[0.211s] [34mcolcon.colcon_parallel_executor.executor.parallel[0m [1;30mDEBUG[0m [32mrun_until_complete[0m
[0.211s] [34mcolcon.colcon_ros.task.ament_cmake.build[0m [1;30mINFO[0m Building ROS package in '/home/raz/projects/ros2_advanced_concepts/ros2_ws/src/my_robot_interfaces' with build type 'ament_cmake'
[0.211s] [34mcolcon.colcon_cmake.task.cmake.build[0m [1;30mINFO[0m Building CMake package in '/home/raz/projects/ros2_advanced_concepts/ros2_ws/src/my_robot_interfaces'
[0.213s] [34mcolcon.colcon_core.plugin_system[0m [1;30mINFO[0m Skipping extension 'colcon_core.shell.bat': Not used on non-Windows systems
[0.213s] [34mcolcon.colcon_core.shell[0m [1;30mINFO[0m Skip shell extension 'powershell' for command environment: Not usable outside of PowerShell
[0.213s] [34mcolcon.colcon_core.shell[0m [1;30mDEBUG[0m [32mSkip shell extension 'dsv' for command environment[0m
[0.228s] [34mcolcon.colcon_core.event_handler.log_command[0m [1;30mDEBUG[0m [32mInvoking command in '/home/raz/projects/ros2_advanced_concepts/ros2_ws/build/my_robot_interfaces': CMAKE_PREFIX_PATH=${CMAKE_PREFIX_PATH}:/home/raz/projects/ros2_advanced_concepts/ros2_ws/install/actions_py:/home/raz/projects/manipulator-project/Arduino-Bot/arduinobot_ws/install/arduinobot_py_examples:/home/raz/ros2_ws/install/centerofmass_detection:/home/raz/projects/manipulator-project/arduinobot_ws/install/arduinobot_py_examples:/opt/ros/humble /usr/local/bin/cmake /home/raz/projects/ros2_advanced_concepts/ros2_ws/src/my_robot_interfaces -DAMENT_CMAKE_SYMLINK_INSTALL=1 -DCMAKE_INSTALL_PREFIX=/home/raz/projects/ros2_advanced_concepts/ros2_ws/install/my_robot_interfaces[0m
[2.152s] [34mcolcon.colcon_core.event_handler.log_command[0m [1;30mDEBUG[0m [32mInvoked command in '/home/raz/projects/ros2_advanced_concepts/ros2_ws/build/my_robot_interfaces' returned '0': CMAKE_PREFIX_PATH=${CMAKE_PREFIX_PATH}:/home/raz/projects/ros2_advanced_concepts/ros2_ws/install/actions_py:/home/raz/projects/manipulator-project/Arduino-Bot/arduinobot_ws/install/arduinobot_py_examples:/home/raz/ros2_ws/install/centerofmass_detection:/home/raz/projects/manipulator-project/arduinobot_ws/install/arduinobot_py_examples:/opt/ros/humble /usr/local/bin/cmake /home/raz/projects/ros2_advanced_concepts/ros2_ws/src/my_robot_interfaces -DAMENT_CMAKE_SYMLINK_INSTALL=1 -DCMAKE_INSTALL_PREFIX=/home/raz/projects/ros2_advanced_concepts/ros2_ws/install/my_robot_interfaces[0m
[2.154s] [34mcolcon.colcon_core.event_handler.log_command[0m [1;30mDEBUG[0m [32mInvoking command in '/home/raz/projects/ros2_advanced_concepts/ros2_ws/build/my_robot_interfaces': CMAKE_PREFIX_PATH=${CMAKE_PREFIX_PATH}:/home/raz/projects/ros2_advanced_concepts/ros2_ws/install/actions_py:/home/raz/projects/manipulator-project/Arduino-Bot/arduinobot_ws/install/arduinobot_py_examples:/home/raz/ros2_ws/install/centerofmass_detection:/home/raz/projects/manipulator-project/arduinobot_ws/install/arduinobot_py_examples:/opt/ros/humble /usr/local/bin/cmake --build /home/raz/projects/ros2_advanced_concepts/ros2_ws/build/my_robot_interfaces -- -j12 -l12[0m
[4.180s] [34mcolcon.colcon_core.event_handler.log_command[0m [1;30mDEBUG[0m [32mInvoked command in '/home/raz/projects/ros2_advanced_concepts/ros2_ws/build/my_robot_interfaces' returned '0': CMAKE_PREFIX_PATH=${CMAKE_PREFIX_PATH}:/home/raz/projects/ros2_advanced_concepts/ros2_ws/install/actions_py:/home/raz/projects/manipulator-project/Arduino-Bot/arduinobot_ws/install/arduinobot_py_examples:/home/raz/ros2_ws/install/centerofmass_detection:/home/raz/projects/manipulator-project/arduinobot_ws/install/arduinobot_py_examples:/opt/ros/humble /usr/local/bin/cmake --build /home/raz/projects/ros2_advanced_concepts/ros2_ws/build/my_robot_interfaces -- -j12 -l12[0m
[4.182s] [34mcolcon.colcon_core.event_handler.log_command[0m [1;30mDEBUG[0m [32mInvoking command in '/home/raz/projects/ros2_advanced_concepts/ros2_ws/build/my_robot_interfaces': CMAKE_PREFIX_PATH=${CMAKE_PREFIX_PATH}:/home/raz/projects/ros2_advanced_concepts/ros2_ws/install/actions_py:/home/raz/projects/manipulator-project/Arduino-Bot/arduinobot_ws/install/arduinobot_py_examples:/home/raz/ros2_ws/install/centerofmass_detection:/home/raz/projects/manipulator-project/arduinobot_ws/install/arduinobot_py_examples:/opt/ros/humble /usr/local/bin/cmake --install /home/raz/projects/ros2_advanced_concepts/ros2_ws/build/my_robot_interfaces[0m
[4.315s] [34mcolcon.colcon_core.environment[0m [1;30mLevel 1[0m create_environment_scripts_only(my_robot_interfaces)
[4.315s] [34mcolcon.colcon_core.event_handler.log_command[0m [1;30mDEBUG[0m [32mInvoked command in '/home/raz/projects/ros2_advanced_concepts/ros2_ws/build/my_robot_interfaces' returned '0': CMAKE_PREFIX_PATH=${CMAKE_PREFIX_PATH}:/home/raz/projects/ros2_advanced_concepts/ros2_ws/install/actions_py:/home/raz/projects/manipulator-project/Arduino-Bot/arduinobot_ws/install/arduinobot_py_examples:/home/raz/ros2_ws/install/centerofmass_detection:/home/raz/projects/manipulator-project/arduinobot_ws/install/arduinobot_py_examples:/opt/ros/humble /usr/local/bin/cmake --install /home/raz/projects/ros2_advanced_concepts/ros2_ws/build/my_robot_interfaces[0m
[4.317s] [34mcolcon.colcon_core.environment[0m [1;30mLevel 1[0m checking '/home/raz/projects/ros2_advanced_concepts/ros2_ws/install/my_robot_interfaces' for CMake module files
[4.318s] [34mcolcon.colcon_core.environment[0m [1;30mLevel 1[0m checking '/home/raz/projects/ros2_advanced_concepts/ros2_ws/install/my_robot_interfaces' for CMake config files
[4.318s] [34mcolcon.colcon_core.shell[0m [1;30mLevel 1[0m create_environment_hook('my_robot_interfaces', 'cmake_prefix_path')
[4.318s] [34mcolcon.colcon_core.shell[0m [1;30mINFO[0m Creating environment hook '/home/raz/projects/ros2_advanced_concepts/ros2_ws/install/my_robot_interfaces/share/my_robot_interfaces/hook/cmake_prefix_path.ps1'
[4.319s] [34mcolcon.colcon_core.shell[0m [1;30mINFO[0m Creating environment descriptor '/home/raz/projects/ros2_advanced_concepts/ros2_ws/install/my_robot_interfaces/share/my_robot_interfaces/hook/cmake_prefix_path.dsv'
[4.319s] [34mcolcon.colcon_core.shell[0m [1;30mINFO[0m Creating environment hook '/home/raz/projects/ros2_advanced_concepts/ros2_ws/install/my_robot_interfaces/share/my_robot_interfaces/hook/cmake_prefix_path.sh'
[4.320s] [34mcolcon.colcon_core.environment[0m [1;30mLevel 1[0m checking '/home/raz/projects/ros2_advanced_concepts/ros2_ws/install/my_robot_interfaces/lib'
[4.320s] [34mcolcon.colcon_core.shell[0m [1;30mLevel 1[0m create_environment_hook('my_robot_interfaces', 'ld_library_path_lib')
[4.320s] [34mcolcon.colcon_core.shell[0m [1;30mINFO[0m Creating environment hook '/home/raz/projects/ros2_advanced_concepts/ros2_ws/install/my_robot_interfaces/share/my_robot_interfaces/hook/ld_library_path_lib.ps1'
[4.320s] [34mcolcon.colcon_core.shell[0m [1;30mINFO[0m Creating environment descriptor '/home/raz/projects/ros2_advanced_concepts/ros2_ws/install/my_robot_interfaces/share/my_robot_interfaces/hook/ld_library_path_lib.dsv'
[4.321s] [34mcolcon.colcon_core.shell[0m [1;30mINFO[0m Creating environment hook '/home/raz/projects/ros2_advanced_concepts/ros2_ws/install/my_robot_interfaces/share/my_robot_interfaces/hook/ld_library_path_lib.sh'
[4.321s] [34mcolcon.colcon_core.environment[0m [1;30mLevel 1[0m checking '/home/raz/projects/ros2_advanced_concepts/ros2_ws/install/my_robot_interfaces/bin'
[4.321s] [34mcolcon.colcon_core.environment[0m [1;30mLevel 1[0m checking '/home/raz/projects/ros2_advanced_concepts/ros2_ws/install/my_robot_interfaces/lib/pkgconfig/my_robot_interfaces.pc'
[4.321s] [34mcolcon.colcon_core.environment[0m [1;30mLevel 1[0m checking '/home/raz/projects/ros2_advanced_concepts/ros2_ws/install/my_robot_interfaces/lib/python3.10/site-packages'
[4.321s] [34mcolcon.colcon_core.environment[0m [1;30mLevel 1[0m checking '/home/raz/projects/ros2_advanced_concepts/ros2_ws/install/my_robot_interfaces/bin'
[4.321s] [34mcolcon.colcon_core.shell[0m [1;30mINFO[0m Creating package script '/home/raz/projects/ros2_advanced_concepts/ros2_ws/install/my_robot_interfaces/share/my_robot_interfaces/package.ps1'
[4.322s] [34mcolcon.colcon_core.shell[0m [1;30mINFO[0m Creating package descriptor '/home/raz/projects/ros2_advanced_concepts/ros2_ws/install/my_robot_interfaces/share/my_robot_interfaces/package.dsv'
[4.322s] [34mcolcon.colcon_core.shell[0m [1;30mINFO[0m Creating package script '/home/raz/projects/ros2_advanced_concepts/ros2_ws/install/my_robot_interfaces/share/my_robot_interfaces/package.sh'
[4.323s] [34mcolcon.colcon_core.shell[0m [1;30mINFO[0m Creating package script '/home/raz/projects/ros2_advanced_concepts/ros2_ws/install/my_robot_interfaces/share/my_robot_interfaces/package.bash'
[4.323s] [34mcolcon.colcon_core.shell[0m [1;30mINFO[0m Creating package script '/home/raz/projects/ros2_advanced_concepts/ros2_ws/install/my_robot_interfaces/share/my_robot_interfaces/package.zsh'
[4.324s] [34mcolcon.colcon_core.environment[0m [1;30mLevel 1[0m create_file_with_runtime_dependencies(/home/raz/projects/ros2_advanced_concepts/ros2_ws/install/my_robot_interfaces/share/colcon-core/packages/my_robot_interfaces)
[4.324s] [34mcolcon.colcon_core.environment[0m [1;30mLevel 1[0m create_environment_scripts_only(my_robot_interfaces)
[4.324s] [34mcolcon.colcon_core.environment[0m [1;30mLevel 1[0m checking '/home/raz/projects/ros2_advanced_concepts/ros2_ws/install/my_robot_interfaces' for CMake module files
[4.325s] [34mcolcon.colcon_core.environment[0m [1;30mLevel 1[0m checking '/home/raz/projects/ros2_advanced_concepts/ros2_ws/install/my_robot_interfaces' for CMake config files
[4.325s] [34mcolcon.colcon_core.shell[0m [1;30mLevel 1[0m create_environment_hook('my_robot_interfaces', 'cmake_prefix_path')
[4.326s] [34mcolcon.colcon_core.shell[0m [1;30mINFO[0m Creating environment hook '/home/raz/projects/ros2_advanced_concepts/ros2_ws/install/my_robot_interfaces/share/my_robot_interfaces/hook/cmake_prefix_path.ps1'
[4.326s] [34mcolcon.colcon_core.shell[0m [1;30mINFO[0m Creating environment descriptor '/home/raz/projects/ros2_advanced_concepts/ros2_ws/install/my_robot_interfaces/share/my_robot_interfaces/hook/cmake_prefix_path.dsv'
[4.326s] [34mcolcon.colcon_core.shell[0m [1;30mINFO[0m Creating environment hook '/home/raz/projects/ros2_advanced_concepts/ros2_ws/install/my_robot_interfaces/share/my_robot_interfaces/hook/cmake_prefix_path.sh'
[4.326s] [34mcolcon.colcon_core.environment[0m [1;30mLevel 1[0m checking '/home/raz/projects/ros2_advanced_concepts/ros2_ws/install/my_robot_interfaces/lib'
[4.327s] [34mcolcon.colcon_core.shell[0m [1;30mLevel 1[0m create_environment_hook('my_robot_interfaces', 'ld_library_path_lib')
[4.327s] [34mcolcon.colcon_core.shell[0m [1;30mINFO[0m Creating environment hook '/home/raz/projects/ros2_advanced_concepts/ros2_ws/install/my_robot_interfaces/share/my_robot_interfaces/hook/ld_library_path_lib.ps1'
[4.327s] [34mcolcon.colcon_core.shell[0m [1;30mINFO[0m Creating environment descriptor '/home/raz/projects/ros2_advanced_concepts/ros2_ws/install/my_robot_interfaces/share/my_robot_interfaces/hook/ld_library_path_lib.dsv'
[4.327s] [34mcolcon.colcon_core.shell[0m [1;30mINFO[0m Creating environment hook '/home/raz/projects/ros2_advanced_concepts/ros2_ws/install/my_robot_interfaces/share/my_robot_interfaces/hook/ld_library_path_lib.sh'
[4.327s] [34mcolcon.colcon_core.environment[0m [1;30mLevel 1[0m checking '/home/raz/projects/ros2_advanced_concepts/ros2_ws/install/my_robot_interfaces/bin'
[4.328s] [34mcolcon.colcon_core.environment[0m [1;30mLevel 1[0m checking '/home/raz/projects/ros2_advanced_concepts/ros2_ws/install/my_robot_interfaces/lib/pkgconfig/my_robot_interfaces.pc'
[4.328s] [34mcolcon.colcon_core.environment[0m [1;30mLevel 1[0m checking '/home/raz/projects/ros2_advanced_concepts/ros2_ws/install/my_robot_interfaces/lib/python3.10/site-packages'
[4.328s] [34mcolcon.colcon_core.environment[0m [1;30mLevel 1[0m checking '/home/raz/projects/ros2_advanced_concepts/ros2_ws/install/my_robot_interfaces/bin'
[4.328s] [34mcolcon.colcon_core.shell[0m [1;30mINFO[0m Creating package script '/home/raz/projects/ros2_advanced_concepts/ros2_ws/install/my_robot_interfaces/share/my_robot_interfaces/package.ps1'
[4.328s] [34mcolcon.colcon_core.shell[0m [1;30mINFO[0m Creating package descriptor '/home/raz/projects/ros2_advanced_concepts/ros2_ws/install/my_robot_interfaces/share/my_robot_interfaces/package.dsv'
[4.329s] [34mcolcon.colcon_core.shell[0m [1;30mINFO[0m Creating package script '/home/raz/projects/ros2_advanced_concepts/ros2_ws/install/my_robot_interfaces/share/my_robot_interfaces/package.sh'
[4.329s] [34mcolcon.colcon_core.shell[0m [1;30mINFO[0m Creating package script '/home/raz/projects/ros2_advanced_concepts/ros2_ws/install/my_robot_interfaces/share/my_robot_interfaces/package.bash'
[4.329s] [34mcolcon.colcon_core.shell[0m [1;30mINFO[0m Creating package script '/home/raz/projects/ros2_advanced_concepts/ros2_ws/install/my_robot_interfaces/share/my_robot_interfaces/package.zsh'
[4.330s] [34mcolcon.colcon_core.environment[0m [1;30mLevel 1[0m create_file_with_runtime_dependencies(/home/raz/projects/ros2_advanced_concepts/ros2_ws/install/my_robot_interfaces/share/colcon-core/packages/my_robot_interfaces)
[4.330s] [34mcolcon.colcon_ros.task.ament_python.build[0m [1;30mINFO[0m Building ROS package in '/home/raz/projects/ros2_advanced_concepts/ros2_ws/src/actions_py' with build type 'ament_python'
[4.330s] [34mcolcon.colcon_core.shell[0m [1;30mLevel 1[0m create_environment_hook('actions_py', 'ament_prefix_path')
[4.330s] [34mcolcon.colcon_core.shell[0m [1;30mINFO[0m Creating environment hook '/home/raz/projects/ros2_advanced_concepts/ros2_ws/install/actions_py/share/actions_py/hook/ament_prefix_path.ps1'
[4.331s] [34mcolcon.colcon_core.shell[0m [1;30mINFO[0m Creating environment descriptor '/home/raz/projects/ros2_advanced_concepts/ros2_ws/install/actions_py/share/actions_py/hook/ament_prefix_path.dsv'
[4.331s] [34mcolcon.colcon_core.shell[0m [1;30mINFO[0m Creating environment hook '/home/raz/projects/ros2_advanced_concepts/ros2_ws/install/actions_py/share/actions_py/hook/ament_prefix_path.sh'
[4.331s] [34mcolcon.colcon_core.shell[0m [1;30mINFO[0m Skip shell extension 'powershell' for command environment: Not usable outside of PowerShell
[4.331s] [34mcolcon.colcon_core.shell[0m [1;30mDEBUG[0m [32mSkip shell extension 'dsv' for command environment[0m
[4.523s] [34mcolcon.colcon_core.task.python.build[0m [1;30mINFO[0m Building Python package in '/home/raz/projects/ros2_advanced_concepts/ros2_ws/src/actions_py'
[4.523s] [34mcolcon.colcon_core.shell[0m [1;30mINFO[0m Skip shell extension 'powershell' for command environment: Not usable outside of PowerShell
[4.524s] [34mcolcon.colcon_core.shell[0m [1;30mDEBUG[0m [32mSkip shell extension 'dsv' for command environment[0m
[5.014s] [34mcolcon.colcon_core.event_handler.log_command[0m [1;30mDEBUG[0m [32mInvoking command in '/home/raz/projects/ros2_advanced_concepts/ros2_ws/build/actions_py': PYTHONPATH=/home/raz/projects/ros2_advanced_concepts/ros2_ws/build/actions_py/prefix_override:/usr/lib/python3/dist-packages/colcon_core/task/python/colcon_distutils_commands:/home/raz/projects/ros2_advanced_concepts/ros2_ws/install/actions_py/lib/python3.10/site-packages:${PYTHONPATH} /usr/bin/python3 -W ignore:setup.py install is deprecated -W ignore:easy_install command is deprecated setup.py develop --editable --build-directory /home/raz/projects/ros2_advanced_concepts/ros2_ws/build/actions_py/build --no-deps symlink_data[0m
[5.660s] [34mcolcon.colcon_core.shell[0m [1;30mLevel 1[0m create_environment_hook('actions_py', 'pythonpath_develop')
[5.661s] [34mcolcon.colcon_core.shell[0m [1;30mINFO[0m Creating environment hook '/home/raz/projects/ros2_advanced_concepts/ros2_ws/build/actions_py/share/actions_py/hook/pythonpath_develop.ps1'
[5.661s] [34mcolcon.colcon_core.event_handler.log_command[0m [1;30mDEBUG[0m [32mInvoked command in '/home/raz/projects/ros2_advanced_concepts/ros2_ws/build/actions_py' returned '0': PYTHONPATH=/home/raz/projects/ros2_advanced_concepts/ros2_ws/build/actions_py/prefix_override:/usr/lib/python3/dist-packages/colcon_core/task/python/colcon_distutils_commands:/home/raz/projects/ros2_advanced_concepts/ros2_ws/install/actions_py/lib/python3.10/site-packages:${PYTHONPATH} /usr/bin/python3 -W ignore:setup.py install is deprecated -W ignore:easy_install command is deprecated setup.py develop --editable --build-directory /home/raz/projects/ros2_advanced_concepts/ros2_ws/build/actions_py/build --no-deps symlink_data[0m
[5.661s] [34mcolcon.colcon_core.shell[0m [1;30mINFO[0m Creating environment descriptor '/home/raz/projects/ros2_advanced_concepts/ros2_ws/build/actions_py/share/actions_py/hook/pythonpath_develop.dsv'
[5.662s] [34mcolcon.colcon_core.shell[0m [1;30mINFO[0m Creating environment hook '/home/raz/projects/ros2_advanced_concepts/ros2_ws/build/actions_py/share/actions_py/hook/pythonpath_develop.sh'
[5.662s] [34mcolcon.colcon_core.environment[0m [1;30mLevel 1[0m checking '/home/raz/projects/ros2_advanced_concepts/ros2_ws/install/actions_py' for CMake module files
[5.662s] [34mcolcon.colcon_core.environment[0m [1;30mLevel 1[0m checking '/home/raz/projects/ros2_advanced_concepts/ros2_ws/install/actions_py' for CMake config files
[5.663s] [34mcolcon.colcon_core.environment[0m [1;30mLevel 1[0m checking '/home/raz/projects/ros2_advanced_concepts/ros2_ws/install/actions_py/lib'
[5.663s] [34mcolcon.colcon_core.environment[0m [1;30mLevel 1[0m checking '/home/raz/projects/ros2_advanced_concepts/ros2_ws/install/actions_py/bin'
[5.663s] [34mcolcon.colcon_core.environment[0m [1;30mLevel 1[0m checking '/home/raz/projects/ros2_advanced_concepts/ros2_ws/install/actions_py/lib/pkgconfig/actions_py.pc'
[5.663s] [34mcolcon.colcon_core.environment[0m [1;30mLevel 1[0m checking '/home/raz/projects/ros2_advanced_concepts/ros2_ws/install/actions_py/lib/python3.10/site-packages'
[5.663s] [34mcolcon.colcon_core.shell[0m [1;30mLevel 1[0m create_environment_hook('actions_py', 'pythonpath')
[5.663s] [34mcolcon.colcon_core.shell[0m [1;30mINFO[0m Creating environment hook '/home/raz/projects/ros2_advanced_concepts/ros2_ws/install/actions_py/share/actions_py/hook/pythonpath.ps1'
[5.663s] [34mcolcon.colcon_core.shell[0m [1;30mINFO[0m Creating environment descriptor '/home/raz/projects/ros2_advanced_concepts/ros2_ws/install/actions_py/share/actions_py/hook/pythonpath.dsv'
[5.664s] [34mcolcon.colcon_core.shell[0m [1;30mINFO[0m Creating environment hook '/home/raz/projects/ros2_advanced_concepts/ros2_ws/install/actions_py/share/actions_py/hook/pythonpath.sh'
[5.664s] [34mcolcon.colcon_core.environment[0m [1;30mLevel 1[0m checking '/home/raz/projects/ros2_advanced_concepts/ros2_ws/install/actions_py/bin'
[5.664s] [34mcolcon.colcon_core.environment[0m [1;30mLevel 1[0m create_environment_scripts_only(actions_py)
[5.664s] [34mcolcon.colcon_core.shell[0m [1;30mINFO[0m Creating package script '/home/raz/projects/ros2_advanced_concepts/ros2_ws/install/actions_py/share/actions_py/package.ps1'
[5.665s] [34mcolcon.colcon_core.shell[0m [1;30mINFO[0m Creating package descriptor '/home/raz/projects/ros2_advanced_concepts/ros2_ws/install/actions_py/share/actions_py/package.dsv'
[5.665s] [34mcolcon.colcon_core.shell[0m [1;30mINFO[0m Creating package script '/home/raz/projects/ros2_advanced_concepts/ros2_ws/install/actions_py/share/actions_py/package.sh'
[5.665s] [34mcolcon.colcon_core.shell[0m [1;30mINFO[0m Creating package script '/home/raz/projects/ros2_advanced_concepts/ros2_ws/install/actions_py/share/actions_py/package.bash'
[5.666s] [34mcolcon.colcon_core.shell[0m [1;30mINFO[0m Creating package script '/home/raz/projects/ros2_advanced_concepts/ros2_ws/install/actions_py/share/actions_py/package.zsh'
[5.666s] [34mcolcon.colcon_core.environment[0m [1;30mLevel 1[0m create_file_with_runtime_dependencies(/home/raz/projects/ros2_advanced_concepts/ros2_ws/install/actions_py/share/colcon-core/packages/actions_py)
[5.666s] [34mcolcon.colcon_parallel_executor.executor.parallel[0m [1;30mDEBUG[0m [32mclosing loop[0m
[5.666s] [34mcolcon.colcon_parallel_executor.executor.parallel[0m [1;30mDEBUG[0m [32mloop closed[0m
[5.666s] [34mcolcon.colcon_parallel_executor.executor.parallel[0m [1;30mDEBUG[0m [32mrun_until_complete finished with '0'[0m
[5.667s] [34mcolcon.colcon_core.event_reactor[0m [1;30mDEBUG[0m [32mjoining thread[0m
[5.671s] [34mcolcon.colcon_core.plugin_system[0m [1;30mINFO[0m Skipping extension 'colcon_notification.desktop_notification.terminal_notifier': Not used on non-Darwin systems
[5.671s] [34mcolcon.colcon_core.plugin_system[0m [1;30mINFO[0m Skipping extension 'colcon_notification.desktop_notification.win32': Not used on non-Windows systems
[5.671s] [34mcolcon.colcon_notification.desktop_notification[0m [1;30mINFO[0m Sending desktop notification using 'notify2'
[5.680s] [34mcolcon.colcon_core.event_reactor[0m [1;30mDEBUG[0m [32mjoined thread[0m
[5.680s] [34mcolcon.colcon_core.shell[0m [1;30mINFO[0m Creating prefix script '/home/raz/projects/ros2_advanced_concepts/ros2_ws/install/local_setup.ps1'
[5.681s] [34mcolcon.colcon_core.shell[0m [1;30mINFO[0m Creating prefix util module '/home/raz/projects/ros2_advanced_concepts/ros2_ws/install/_local_setup_util_ps1.py'
[5.682s] [34mcolcon.colcon_core.shell[0m [1;30mINFO[0m Creating prefix chain script '/home/raz/projects/ros2_advanced_concepts/ros2_ws/install/setup.ps1'
[5.684s] [34mcolcon.colcon_core.shell[0m [1;30mINFO[0m Creating prefix script '/home/raz/projects/ros2_advanced_concepts/ros2_ws/install/local_setup.sh'
[5.684s] [34mcolcon.colcon_core.shell[0m [1;30mINFO[0m Creating prefix util module '/home/raz/projects/ros2_advanced_concepts/ros2_ws/install/_local_setup_util_sh.py'
[5.685s] [34mcolcon.colcon_core.shell[0m [1;30mINFO[0m Creating prefix chain script '/home/raz/projects/ros2_advanced_concepts/ros2_ws/install/setup.sh'
[5.686s] [34mcolcon.colcon_core.shell[0m [1;30mINFO[0m Creating prefix script '/home/raz/projects/ros2_advanced_concepts/ros2_ws/install/local_setup.bash'
[5.686s] [34mcolcon.colcon_core.shell[0m [1;30mINFO[0m Creating prefix chain script '/home/raz/projects/ros2_advanced_concepts/ros2_ws/install/setup.bash'
[5.688s] [34mcolcon.colcon_core.shell[0m [1;30mINFO[0m Creating prefix script '/home/raz/projects/ros2_advanced_concepts/ros2_ws/install/local_setup.zsh'
[5.688s] [34mcolcon.colcon_core.shell[0m [1;30mINFO[0m Creating prefix chain script '/home/raz/projects/ros2_advanced_concepts/ros2_ws/install/setup.zsh'
