In file included from [01m[K/opt/ros/humble/include/rclcpp/rclcpp/logging.hpp:24[m[K,
                 from [01m[K/opt/ros/humble/include/rclcpp/rclcpp/client.hpp:40[m[K,
                 from [01m[K/opt/ros/humble/include/rclcpp/rclcpp/callback_group.hpp:24[m[K,
                 from [01m[K/opt/ros/humble/include/rclcpp/rclcpp/any_executable.hpp:20[m[K,
                 from [01m[K/opt/ros/humble/include/rclcpp/rclcpp/memory_strategy.hpp:25[m[K,
                 from [01m[K/opt/ros/humble/include/rclcpp/rclcpp/memory_strategies.hpp:18[m[K,
                 from [01m[K/opt/ros/humble/include/rclcpp/rclcpp/executor_options.hpp:20[m[K,
                 from [01m[K/opt/ros/humble/include/rclcpp/rclcpp/executor.hpp:37[m[K,
                 from [01m[K/opt/ros/humble/include/rclcpp/rclcpp/executors/multi_threaded_executor.hpp:25[m[K,
                 from [01m[K/opt/ros/humble/include/rclcpp/rclcpp/executors.hpp:21[m[K,
                 from [01m[K/opt/ros/humble/include/rclcpp/rclcpp/rclcpp.hpp:155[m[K,
                 from [01m[K/home/raz/projects/ros2_advanced_concepts/ros2_ws/src/actions_cpp/src/count_until_client.cpp:1[m[K:
[01m[K/home/raz/projects/ros2_advanced_concepts/ros2_ws/src/actions_cpp/src/count_until_client.cpp:[m[K In member function ‘[01m[Kvoid CountUntilClientNode::goal_feedback_callback(const SharedPtr&, std::shared_ptr<const my_robot_interfaces::action::CountUntil_Feedback_<std::allocator<void> > >)[m[K’:
[01m[K/home/raz/projects/ros2_advanced_concepts/ros2_ws/src/actions_cpp/src/count_until_client.cpp:80:41:[m[K [01;35m[Kwarning: [m[Kformat ‘[01m[K%d[m[K’ expects argument of type ‘[01m[Kint[m[K’, but argument 5 has type ‘[01m[Kconst std::shared_ptr<const my_robot_interfaces::action::CountUntil_Feedback_<std::allocator<void> > >[m[K’ [[01;35m[K]8;;https://gcc.gnu.org/onlinedocs/gcc/Warning-Options.html#index-Wformat=-Wformat=]8;;[m[K]
   80 |         RCLCPP_INFO(this->get_logger(), [01;35m[K"Got feedback: %d"[m[K, feedback);
      |                                         [01;35m[K^~~~~~~~~~~~~~~~~~[m[K
[01m[K/home/raz/projects/ros2_advanced_concepts/ros2_ws/src/actions_cpp/src/count_until_client.cpp:80:57:[m[K [01;36m[Knote: [m[Kformat string is defined here
   80 |         RCLCPP_INFO(this->get_logger(), "Got feedback: [01;36m[K%d[m[K", feedback);
      |                                                        [01;36m[K~^[m[K
      |                                                         [01;36m[K|[m[K
      |                                                         [01;36m[Kint[m[K
[01m[K/home/raz/projects/ros2_advanced_concepts/ros2_ws/src/actions_cpp/src/count_until_client.cpp:79:13:[m[K [01;35m[Kwarning: [m[Kunused variable ‘[01m[Knumber[m[K’ [[01;35m[K]8;;https://gcc.gnu.org/onlinedocs/gcc/Warning-Options.html#index-Wunused-variable-Wunused-variable]8;;[m[K]
   79 |         int [01;35m[Knumber[m[K = feedback->current_number;
      |             [01;35m[K^~~~~~[m[K
