-- Found ament_cmake: 1.3.11 (/opt/ros/humble/share/ament_cmake/cmake)
-- Override CMake install command with custom implementation using symlinks instead of copying resources
-- Found rclcpp: 16.0.11 (/opt/ros/humble/share/rclcpp/cmake)
-- Found rosidl_generator_c: 3.1.6 (/opt/ros/humble/share/rosidl_generator_c/cmake)
-- Found rosidl_adapter: 3.1.6 (/opt/ros/humble/share/rosidl_adapter/cmake)
-- Found rosidl_generator_cpp: 3.1.6 (/opt/ros/humble/share/rosidl_generator_cpp/cmake)
-- Using all available rosidl_typesupport_c: rosidl_typesupport_fastrtps_c;rosidl_typesupport_introspection_c
-- Using all available rosidl_typesupport_cpp: rosidl_typesupport_fastrtps_cpp;rosidl_typesupport_introspection_cpp
-- Found rmw_implementation_cmake: 6.1.2 (/opt/ros/humble/share/rmw_implementation_cmake/cmake)
-- Found rmw_cyclonedds_cpp: 1.3.4 (/opt/ros/humble/share/rmw_cyclonedds_cpp/cmake)
-- Using RMW implementation 'rmw_cyclonedds_cpp' as default
-- Found rclcpp_action: 16.0.11 (/opt/ros/humble/share/rclcpp_action/cmake)
-- Found my_robot_interfaces: 0.0.0 (/home/raz/projects/ros2_advanced_concepts/ros2_ws/install/my_robot_interfaces/share/my_robot_interfaces/cmake)
-- Configuring done (3.8s)
-- Generating done (0.2s)
-- Build files have been written to: /home/raz/projects/ros2_advanced_concepts/ros2_ws/build/actions_cpp
[ 25%] [32mBuilding CXX object CMakeFiles/count_until_server.dir/src/count_until_server.cpp.o[0m
[ 50%] [32mBuilding CXX object CMakeFiles/count_until_client.dir/src/count_until_client.cpp.o[0m
[ 75%] [32m[1mLinking CXX executable count_until_server[0m
[100%] [32m[1mLinking CXX executable count_until_client[0m
[100%] Built target count_until_server
[100%] Built target count_until_client
-- Install configuration: ""
-- Execute custom install script
-- Up-to-date symlink: /home/raz/projects/ros2_advanced_concepts/ros2_ws/install/actions_cpp/lib/actions_cpp//count_until_server
-- Up-to-date symlink: /home/raz/projects/ros2_advanced_concepts/ros2_ws/install/actions_cpp/lib/actions_cpp//count_until_client
-- Up-to-date symlink: /home/raz/projects/ros2_advanced_concepts/ros2_ws/install/actions_cpp/share/ament_index/resource_index/package_run_dependencies/actions_cpp
-- Up-to-date symlink: /home/raz/projects/ros2_advanced_concepts/ros2_ws/install/actions_cpp/share/ament_index/resource_index/parent_prefix_path/actions_cpp
-- Up-to-date symlink: /home/raz/projects/ros2_advanced_concepts/ros2_ws/install/actions_cpp/share/actions_cpp/environment/ament_prefix_path.sh
-- Up-to-date symlink: /home/raz/projects/ros2_advanced_concepts/ros2_ws/install/actions_cpp/share/actions_cpp/environment/ament_prefix_path.dsv
-- Up-to-date symlink: /home/raz/projects/ros2_advanced_concepts/ros2_ws/install/actions_cpp/share/actions_cpp/environment/path.sh
-- Up-to-date symlink: /home/raz/projects/ros2_advanced_concepts/ros2_ws/install/actions_cpp/share/actions_cpp/environment/path.dsv
-- Up-to-date symlink: /home/raz/projects/ros2_advanced_concepts/ros2_ws/install/actions_cpp/share/actions_cpp/local_setup.bash
-- Up-to-date symlink: /home/raz/projects/ros2_advanced_concepts/ros2_ws/install/actions_cpp/share/actions_cpp/local_setup.sh
-- Up-to-date symlink: /home/raz/projects/ros2_advanced_concepts/ros2_ws/install/actions_cpp/share/actions_cpp/local_setup.zsh
-- Up-to-date symlink: /home/raz/projects/ros2_advanced_concepts/ros2_ws/install/actions_cpp/share/actions_cpp/local_setup.dsv
-- Symlinking: /home/raz/projects/ros2_advanced_concepts/ros2_ws/install/actions_cpp/share/actions_cpp/package.dsv
-- Up-to-date symlink: /home/raz/projects/ros2_advanced_concepts/ros2_ws/install/actions_cpp/share/ament_index/resource_index/packages/actions_cpp
-- Up-to-date symlink: /home/raz/projects/ros2_advanced_concepts/ros2_ws/install/actions_cpp/share/actions_cpp/cmake/actions_cppConfig.cmake
-- Up-to-date symlink: /home/raz/projects/ros2_advanced_concepts/ros2_ws/install/actions_cpp/share/actions_cpp/cmake/actions_cppConfig-version.cmake
-- Up-to-date symlink: /home/raz/projects/ros2_advanced_concepts/ros2_ws/install/actions_cpp/share/actions_cpp/package.xml
