[5.311s] [34mcolcon[0m [1;30mDEBUG[0m [32mCommand line arguments: ['/usr/bin/colcon', 'build', '--symlink-install', '--packages-select', 'actions_cpp'][0m
[5.311s] [34mcolcon[0m [1;30mDEBUG[0m [32mParsed command line arguments: Namespace(log_base=None, log_level=None, verb_name='build', build_base='build', install_base='install', merge_install=False, symlink_install=True, test_result_base=None, continue_on_error=False, executor='parallel', parallel_workers=12, event_handlers=None, ignore_user_meta=False, metas=['./colcon.meta'], base_paths=['.'], packages_ignore=None, packages_ignore_regex=None, paths=None, packages_up_to=None, packages_up_to_regex=None, packages_above=None, packages_above_and_dependencies=None, packages_above_depth=None, packages_select_by_dep=None, packages_skip_by_dep=None, packages_skip_up_to=None, packages_select_build_failed=False, packages_skip_build_finished=False, packages_select_test_failures=False, packages_skip_test_passed=False, packages_select=['actions_cpp'], packages_skip=None, packages_select_regex=None, packages_skip_regex=None, packages_start=None, packages_end=None, allow_overriding=[], cmake_args=None, cmake_target=None, cmake_target_skip_unavailable=False, cmake_clean_cache=False, cmake_clean_first=False, cmake_force_configure=False, ament_cmake_args=None, catkin_cmake_args=None, catkin_skip_building_tests=False, mixin_files=None, mixin=None, verb_parser=<colcon_mixin.mixin.mixin_argument.MixinArgumentDecorator object at 0x7e745f317d30>, verb_extension=<colcon_core.verb.build.BuildVerb object at 0x7e745f3175b0>, main=<bound method BuildVerb.main of <colcon_core.verb.build.BuildVerb object at 0x7e745f3175b0>>, mixin_verb=('build',))[0m
[5.924s] [34mcolcon.colcon_core.package_discovery[0m [1;30mLevel 1[0m discover_packages(colcon_meta) check parameters
[5.925s] [34mcolcon.colcon_core.package_discovery[0m [1;30mLevel 1[0m discover_packages(recursive) check parameters
[5.925s] [34mcolcon.colcon_core.package_discovery[0m [1;30mLevel 1[0m discover_packages(ignore) check parameters
[5.925s] [34mcolcon.colcon_core.package_discovery[0m [1;30mLevel 1[0m discover_packages(path) check parameters
[5.925s] [34mcolcon.colcon_core.package_discovery[0m [1;30mLevel 1[0m discover_packages(colcon_meta) discover
[5.925s] [34mcolcon.colcon_core.package_discovery[0m [1;30mLevel 1[0m discover_packages(recursive) discover
[5.925s] [34mcolcon.colcon_core.package_discovery[0m [1;30mINFO[0m Crawling recursively for packages in '/home/raz/projects/ros2_advanced_concepts/ros2_ws'
[5.925s] [34mcolcon.colcon_core.package_identification[0m [1;30mLevel 1[0m _identify(.) by extensions ['ignore', 'ignore_ament_install']
[5.925s] [34mcolcon.colcon_core.package_identification[0m [1;30mLevel 1[0m _identify(.) by extension 'ignore'
[5.925s] [34mcolcon.colcon_core.package_identification[0m [1;30mLevel 1[0m _identify(.) by extension 'ignore_ament_install'
[5.925s] [34mcolcon.colcon_core.package_identification[0m [1;30mLevel 1[0m _identify(.) by extensions ['colcon_pkg']
[5.925s] [34mcolcon.colcon_core.package_identification[0m [1;30mLevel 1[0m _identify(.) by extension 'colcon_pkg'
[5.925s] [34mcolcon.colcon_core.package_identification[0m [1;30mLevel 1[0m _identify(.) by extensions ['colcon_meta']
[5.925s] [34mcolcon.colcon_core.package_identification[0m [1;30mLevel 1[0m _identify(.) by extension 'colcon_meta'
[5.925s] [34mcolcon.colcon_core.package_identification[0m [1;30mLevel 1[0m _identify(.) by extensions ['ros']
[5.925s] [34mcolcon.colcon_core.package_identification[0m [1;30mLevel 1[0m _identify(.) by extension 'ros'
[5.981s] [34mcolcon.colcon_core.package_identification[0m [1;30mLevel 1[0m _identify(.) by extensions ['cmake', 'python']
[5.981s] [34mcolcon.colcon_core.package_identification[0m [1;30mLevel 1[0m _identify(.) by extension 'cmake'
[5.981s] [34mcolcon.colcon_core.package_identification[0m [1;30mLevel 1[0m _identify(.) by extension 'python'
[5.981s] [34mcolcon.colcon_core.package_identification[0m [1;30mLevel 1[0m _identify(.) by extensions ['python_setup_py']
[5.981s] [34mcolcon.colcon_core.package_identification[0m [1;30mLevel 1[0m _identify(.) by extension 'python_setup_py'
[5.981s] [34mcolcon.colcon_core.package_identification[0m [1;30mLevel 1[0m _identify(build) by extensions ['ignore', 'ignore_ament_install']
[5.982s] [34mcolcon.colcon_core.package_identification[0m [1;30mLevel 1[0m _identify(build) by extension 'ignore'
[5.982s] [34mcolcon.colcon_core.package_identification[0m [1;30mLevel 1[0m _identify(build) ignored
[5.982s] [34mcolcon.colcon_core.package_identification[0m [1;30mLevel 1[0m _identify(install) by extensions ['ignore', 'ignore_ament_install']
[5.982s] [34mcolcon.colcon_core.package_identification[0m [1;30mLevel 1[0m _identify(install) by extension 'ignore'
[5.982s] [34mcolcon.colcon_core.package_identification[0m [1;30mLevel 1[0m _identify(install) ignored
[5.982s] [34mcolcon.colcon_core.package_identification[0m [1;30mLevel 1[0m _identify(log) by extensions ['ignore', 'ignore_ament_install']
[5.982s] [34mcolcon.colcon_core.package_identification[0m [1;30mLevel 1[0m _identify(log) by extension 'ignore'
[5.982s] [34mcolcon.colcon_core.package_identification[0m [1;30mLevel 1[0m _identify(log) ignored
[5.982s] [34mcolcon.colcon_core.package_identification[0m [1;30mLevel 1[0m _identify(src) by extensions ['ignore', 'ignore_ament_install']
[5.982s] [34mcolcon.colcon_core.package_identification[0m [1;30mLevel 1[0m _identify(src) by extension 'ignore'
[5.982s] [34mcolcon.colcon_core.package_identification[0m [1;30mLevel 1[0m _identify(src) by extension 'ignore_ament_install'
[5.982s] [34mcolcon.colcon_core.package_identification[0m [1;30mLevel 1[0m _identify(src) by extensions ['colcon_pkg']
[5.982s] [34mcolcon.colcon_core.package_identification[0m [1;30mLevel 1[0m _identify(src) by extension 'colcon_pkg'
[5.982s] [34mcolcon.colcon_core.package_identification[0m [1;30mLevel 1[0m _identify(src) by extensions ['colcon_meta']
[5.983s] [34mcolcon.colcon_core.package_identification[0m [1;30mLevel 1[0m _identify(src) by extension 'colcon_meta'
[5.983s] [34mcolcon.colcon_core.package_identification[0m [1;30mLevel 1[0m _identify(src) by extensions ['ros']
[5.983s] [34mcolcon.colcon_core.package_identification[0m [1;30mLevel 1[0m _identify(src) by extension 'ros'
[5.983s] [34mcolcon.colcon_core.package_identification[0m [1;30mLevel 1[0m _identify(src) by extensions ['cmake', 'python']
[5.983s] [34mcolcon.colcon_core.package_identification[0m [1;30mLevel 1[0m _identify(src) by extension 'cmake'
[5.983s] [34mcolcon.colcon_core.package_identification[0m [1;30mLevel 1[0m _identify(src) by extension 'python'
[5.983s] [34mcolcon.colcon_core.package_identification[0m [1;30mLevel 1[0m _identify(src) by extensions ['python_setup_py']
[5.983s] [34mcolcon.colcon_core.package_identification[0m [1;30mLevel 1[0m _identify(src) by extension 'python_setup_py'
[5.983s] [34mcolcon.colcon_core.package_identification[0m [1;30mLevel 1[0m _identify(src/actions_cpp) by extensions ['ignore', 'ignore_ament_install']
[5.983s] [34mcolcon.colcon_core.package_identification[0m [1;30mLevel 1[0m _identify(src/actions_cpp) by extension 'ignore'
[5.983s] [34mcolcon.colcon_core.package_identification[0m [1;30mLevel 1[0m _identify(src/actions_cpp) by extension 'ignore_ament_install'
[5.983s] [34mcolcon.colcon_core.package_identification[0m [1;30mLevel 1[0m _identify(src/actions_cpp) by extensions ['colcon_pkg']
[5.983s] [34mcolcon.colcon_core.package_identification[0m [1;30mLevel 1[0m _identify(src/actions_cpp) by extension 'colcon_pkg'
[5.983s] [34mcolcon.colcon_core.package_identification[0m [1;30mLevel 1[0m _identify(src/actions_cpp) by extensions ['colcon_meta']
[5.983s] [34mcolcon.colcon_core.package_identification[0m [1;30mLevel 1[0m _identify(src/actions_cpp) by extension 'colcon_meta'
[5.983s] [34mcolcon.colcon_core.package_identification[0m [1;30mLevel 1[0m _identify(src/actions_cpp) by extensions ['ros']
[5.983s] [34mcolcon.colcon_core.package_identification[0m [1;30mLevel 1[0m _identify(src/actions_cpp) by extension 'ros'
[5.996s] [34mcolcon.colcon_core.package_identification[0m [1;30mDEBUG[0m [32mPackage 'src/actions_cpp' with type 'ros.ament_cmake' and name 'actions_cpp'[0m
[5.996s] [34mcolcon.colcon_core.package_identification[0m [1;30mLevel 1[0m _identify(src/actions_py) by extensions ['ignore', 'ignore_ament_install']
[5.996s] [34mcolcon.colcon_core.package_identification[0m [1;30mLevel 1[0m _identify(src/actions_py) by extension 'ignore'
[5.997s] [34mcolcon.colcon_core.package_identification[0m [1;30mLevel 1[0m _identify(src/actions_py) by extension 'ignore_ament_install'
[5.997s] [34mcolcon.colcon_core.package_identification[0m [1;30mLevel 1[0m _identify(src/actions_py) by extensions ['colcon_pkg']
[5.997s] [34mcolcon.colcon_core.package_identification[0m [1;30mLevel 1[0m _identify(src/actions_py) by extension 'colcon_pkg'
[5.997s] [34mcolcon.colcon_core.package_identification[0m [1;30mLevel 1[0m _identify(src/actions_py) by extensions ['colcon_meta']
[5.997s] [34mcolcon.colcon_core.package_identification[0m [1;30mLevel 1[0m _identify(src/actions_py) by extension 'colcon_meta'
[5.997s] [34mcolcon.colcon_core.package_identification[0m [1;30mLevel 1[0m _identify(src/actions_py) by extensions ['ros']
[5.997s] [34mcolcon.colcon_core.package_identification[0m [1;30mLevel 1[0m _identify(src/actions_py) by extension 'ros'
[6.009s] [34mcolcon.colcon_core.package_identification[0m [1;30mDEBUG[0m [32mPackage 'src/actions_py' with type 'ros.ament_python' and name 'actions_py'[0m
[6.009s] [34mcolcon.colcon_core.package_identification[0m [1;30mLevel 1[0m _identify(src/my_robot_interfaces) by extensions ['ignore', 'ignore_ament_install']
[6.010s] [34mcolcon.colcon_core.package_identification[0m [1;30mLevel 1[0m _identify(src/my_robot_interfaces) by extension 'ignore'
[6.010s] [34mcolcon.colcon_core.package_identification[0m [1;30mLevel 1[0m _identify(src/my_robot_interfaces) by extension 'ignore_ament_install'
[6.010s] [34mcolcon.colcon_core.package_identification[0m [1;30mLevel 1[0m _identify(src/my_robot_interfaces) by extensions ['colcon_pkg']
[6.010s] [34mcolcon.colcon_core.package_identification[0m [1;30mLevel 1[0m _identify(src/my_robot_interfaces) by extension 'colcon_pkg'
[6.010s] [34mcolcon.colcon_core.package_identification[0m [1;30mLevel 1[0m _identify(src/my_robot_interfaces) by extensions ['colcon_meta']
[6.010s] [34mcolcon.colcon_core.package_identification[0m [1;30mLevel 1[0m _identify(src/my_robot_interfaces) by extension 'colcon_meta'
[6.010s] [34mcolcon.colcon_core.package_identification[0m [1;30mLevel 1[0m _identify(src/my_robot_interfaces) by extensions ['ros']
[6.010s] [34mcolcon.colcon_core.package_identification[0m [1;30mLevel 1[0m _identify(src/my_robot_interfaces) by extension 'ros'
[6.033s] [34mcolcon.colcon_core.package_identification[0m [1;30mDEBUG[0m [32mPackage 'src/my_robot_interfaces' with type 'ros.ament_cmake' and name 'my_robot_interfaces'[0m
[6.033s] [34mcolcon.colcon_core.package_identification[0m [1;30mLevel 1[0m _identify(src/oop_tamplates) by extensions ['ignore', 'ignore_ament_install']
[6.033s] [34mcolcon.colcon_core.package_identification[0m [1;30mLevel 1[0m _identify(src/oop_tamplates) by extension 'ignore'
[6.033s] [34mcolcon.colcon_core.package_identification[0m [1;30mLevel 1[0m _identify(src/oop_tamplates) by extension 'ignore_ament_install'
[6.033s] [34mcolcon.colcon_core.package_identification[0m [1;30mLevel 1[0m _identify(src/oop_tamplates) by extensions ['colcon_pkg']
[6.033s] [34mcolcon.colcon_core.package_identification[0m [1;30mLevel 1[0m _identify(src/oop_tamplates) by extension 'colcon_pkg'
[6.033s] [34mcolcon.colcon_core.package_identification[0m [1;30mLevel 1[0m _identify(src/oop_tamplates) by extensions ['colcon_meta']
[6.033s] [34mcolcon.colcon_core.package_identification[0m [1;30mLevel 1[0m _identify(src/oop_tamplates) by extension 'colcon_meta'
[6.033s] [34mcolcon.colcon_core.package_identification[0m [1;30mLevel 1[0m _identify(src/oop_tamplates) by extensions ['ros']
[6.033s] [34mcolcon.colcon_core.package_identification[0m [1;30mLevel 1[0m _identify(src/oop_tamplates) by extension 'ros'
[6.033s] [34mcolcon.colcon_core.package_identification[0m [1;30mLevel 1[0m _identify(src/oop_tamplates) by extensions ['cmake', 'python']
[6.033s] [34mcolcon.colcon_core.package_identification[0m [1;30mLevel 1[0m _identify(src/oop_tamplates) by extension 'cmake'
[6.033s] [34mcolcon.colcon_core.package_identification[0m [1;30mLevel 1[0m _identify(src/oop_tamplates) by extension 'python'
[6.033s] [34mcolcon.colcon_core.package_identification[0m [1;30mLevel 1[0m _identify(src/oop_tamplates) by extensions ['python_setup_py']
[6.033s] [34mcolcon.colcon_core.package_identification[0m [1;30mLevel 1[0m _identify(src/oop_tamplates) by extension 'python_setup_py'
[6.033s] [34mcolcon.colcon_core.package_discovery[0m [1;30mLevel 1[0m discover_packages(recursive) using defaults
[6.034s] [34mcolcon.colcon_core.package_discovery[0m [1;30mLevel 1[0m discover_packages(ignore) discover
[6.034s] [34mcolcon.colcon_core.package_discovery[0m [1;30mLevel 1[0m discover_packages(ignore) using defaults
[6.034s] [34mcolcon.colcon_core.package_discovery[0m [1;30mLevel 1[0m discover_packages(path) discover
[6.034s] [34mcolcon.colcon_core.package_discovery[0m [1;30mLevel 1[0m discover_packages(path) using defaults
[6.189s] [34mcolcon.colcon_core.package_selection[0m [1;30mINFO[0m Skipping not selected package 'my_robot_interfaces' in 'src/my_robot_interfaces'
[6.189s] [34mcolcon.colcon_core.package_selection[0m [1;30mINFO[0m Skipping not selected package 'actions_py' in 'src/actions_py'
[6.204s] [34mcolcon.colcon_core.package_discovery[0m [1;30mLevel 1[0m discover_packages(prefix_path) check parameters
[6.204s] [34mcolcon.colcon_core.package_discovery[0m [1;30mLevel 1[0m discover_packages(prefix_path) discover
[6.452s] [34mcolcon.colcon_installed_package_information.package_discovery[0m [1;30mDEBUG[0m [32mFound 3 installed packages in /home/raz/projects/ros2_advanced_concepts/ros2_ws/install[0m
[6.549s] [34mcolcon.colcon_installed_package_information.package_discovery[0m [1;30mDEBUG[0m [32mFound 10 installed packages in /home/raz/projects/manipulator-project/arduinobot_ws/install[0m
[6.563s] [34mcolcon.colcon_installed_package_information.package_discovery[0m [1;30mDEBUG[0m [32mFound 10 installed packages in /home/raz/projects/manipulator-project/Arduino-Bot/arduinobot_ws/install[0m
[6.565s] [34mcolcon.colcon_installed_package_information.package_discovery[0m [1;30mDEBUG[0m [32mFound 2 installed packages in /home/raz/ros2_ws/install[0m
[6.579s] [34mcolcon.colcon_installed_package_information.package_discovery[0m [1;30mDEBUG[0m [32mFound 2 installed packages in /home/raz/projects/ros2_robotics_simulation/ros2_ws/install[0m
[6.598s] [34mcolcon.colcon_installed_package_information.package_discovery[0m [1;30mDEBUG[0m [32mFound 444 installed packages in /opt/ros/humble[0m
[6.600s] [34mcolcon.colcon_core.package_discovery[0m [1;30mLevel 1[0m discover_packages(prefix_path) using defaults
[8.738s] [34mcolcon.colcon_core.verb[0m [1;30mLevel 5[0m set package 'actions_cpp' build argument 'cmake_args' from command line to 'None'
[8.738s] [34mcolcon.colcon_core.verb[0m [1;30mLevel 5[0m set package 'actions_cpp' build argument 'cmake_target' from command line to 'None'
[8.738s] [34mcolcon.colcon_core.verb[0m [1;30mLevel 5[0m set package 'actions_cpp' build argument 'cmake_target_skip_unavailable' from command line to 'False'
[8.738s] [34mcolcon.colcon_core.verb[0m [1;30mLevel 5[0m set package 'actions_cpp' build argument 'cmake_clean_cache' from command line to 'False'
[8.738s] [34mcolcon.colcon_core.verb[0m [1;30mLevel 5[0m set package 'actions_cpp' build argument 'cmake_clean_first' from command line to 'False'
[8.738s] [34mcolcon.colcon_core.verb[0m [1;30mLevel 5[0m set package 'actions_cpp' build argument 'cmake_force_configure' from command line to 'False'
[8.738s] [34mcolcon.colcon_core.verb[0m [1;30mLevel 5[0m set package 'actions_cpp' build argument 'ament_cmake_args' from command line to 'None'
[8.738s] [34mcolcon.colcon_core.verb[0m [1;30mLevel 5[0m set package 'actions_cpp' build argument 'catkin_cmake_args' from command line to 'None'
[8.738s] [34mcolcon.colcon_core.verb[0m [1;30mLevel 5[0m set package 'actions_cpp' build argument 'catkin_skip_building_tests' from command line to 'False'
[8.738s] [34mcolcon.colcon_core.verb[0m [1;30mDEBUG[0m [32mBuilding package 'actions_cpp' with the following arguments: {'ament_cmake_args': None, 'build_base': '/home/raz/projects/ros2_advanced_concepts/ros2_ws/build/actions_cpp', 'catkin_cmake_args': None, 'catkin_skip_building_tests': False, 'cmake_args': None, 'cmake_clean_cache': False, 'cmake_clean_first': False, 'cmake_force_configure': False, 'cmake_target': None, 'cmake_target_skip_unavailable': False, 'install_base': '/home/raz/projects/ros2_advanced_concepts/ros2_ws/install/actions_cpp', 'merge_install': False, 'path': '/home/raz/projects/ros2_advanced_concepts/ros2_ws/src/actions_cpp', 'symlink_install': True, 'test_result_base': None}[0m
[8.738s] [34mcolcon.colcon_core.executor[0m [1;30mINFO[0m Executing jobs using 'parallel' executor
[8.739s] [34mcolcon.colcon_parallel_executor.executor.parallel[0m [1;30mDEBUG[0m [32mrun_until_complete[0m
[8.739s] [34mcolcon.colcon_ros.task.ament_cmake.build[0m [1;30mINFO[0m Building ROS package in '/home/raz/projects/ros2_advanced_concepts/ros2_ws/src/actions_cpp' with build type 'ament_cmake'
[8.740s] [34mcolcon.colcon_cmake.task.cmake.build[0m [1;30mINFO[0m Building CMake package in '/home/raz/projects/ros2_advanced_concepts/ros2_ws/src/actions_cpp'
[8.828s] [34mcolcon.colcon_core.plugin_system[0m [1;30mINFO[0m Skipping extension 'colcon_core.shell.bat': Not used on non-Windows systems
[8.828s] [34mcolcon.colcon_core.shell[0m [1;30mINFO[0m Skip shell extension 'powershell' for command environment: Not usable outside of PowerShell
[8.828s] [34mcolcon.colcon_core.shell[0m [1;30mDEBUG[0m [32mSkip shell extension 'dsv' for command environment[0m
[9.023s] [34mcolcon.colcon_core.event_handler.log_command[0m [1;30mDEBUG[0m [32mInvoking command in '/home/raz/projects/ros2_advanced_concepts/ros2_ws/build/actions_cpp': CMAKE_PREFIX_PATH=/home/raz/projects/ros2_advanced_concepts/ros2_ws/install/my_robot_interfaces:/home/raz/projects/ros2_advanced_concepts/ros2_ws/install/actions_cpp:/home/raz/projects/manipulator-project/Arduino-Bot/arduinobot_ws/install/arduinobot_utils:/home/raz/projects/manipulator-project/Arduino-Bot/arduinobot_ws/install/arduinobot_bringup:/home/raz/projects/manipulator-project/Arduino-Bot/arduinobot_ws/install/arduinobot_remote:/home/raz/projects/manipulator-project/Arduino-Bot/arduinobot_ws/install/arduinobot_cpp_examples:/home/raz/projects/manipulator-project/Arduino-Bot/arduinobot_ws/install/arduinobot_msgs:/home/raz/projects/manipulator-project/Arduino-Bot/arduinobot_ws/install/arduinobot_moveit:/home/raz/projects/manipulator-project/Arduino-Bot/arduinobot_ws/install/arduinobot_firmware:/home/raz/projects/manipulator-project/Arduino-Bot/arduinobot_ws/install/arduinobot_controller:/home/raz/projects/manipulator-project/Arduino-Bot/arduinobot_ws/install/arduinobot_description:/home/raz/ros2_ws/install/manipulator_urdf:/home/raz/projects/manipulator-project/arduinobot_ws/install/arduinobot_utils:/home/raz/projects/manipulator-project/arduinobot_ws/install/arduinobot_remote:/home/raz/projects/manipulator-project/arduinobot_ws/install/arduinobot_cpp_examples:/home/raz/projects/manipulator-project/arduinobot_ws/install/arduinobot_msgs:/home/raz/projects/manipulator-project/arduinobot_ws/install/arduinobot_moveit:/home/raz/projects/manipulator-project/arduinobot_ws/install/arduinobot_firmware:/home/raz/projects/manipulator-project/arduinobot_ws/install/arduinobot_description:/home/raz/projects/manipulator-project/arduinobot_ws/install/arduinobot_controller:/home/raz/projects/manipulator-project/arduinobot_ws/install/arduinobot_bringup:/home/raz/projects/ros2_robotics_simulation/ros2_ws/install/my_robot_bringup:/home/raz/projects/ros2_robotics_simulation/ros2_ws/install/my_robot_description:/home/raz/projects/ros2_advanced_concepts/ros2_ws/install/actions_py:/home/raz/projects/manipulator-project/Arduino-Bot/arduinobot_ws/install/arduinobot_py_examples:/home/raz/ros2_ws/install/centerofmass_detection:/home/raz/projects/manipulator-project/arduinobot_ws/install/arduinobot_py_examples:/opt/ros/humble LD_LIBRARY_PATH=/home/raz/projects/ros2_advanced_concepts/ros2_ws/install/my_robot_interfaces/lib:/home/raz/projects/manipulator-project/arduinobot_ws/install/arduinobot_controller/lib:/home/raz/projects/manipulator-project/arduinobot_ws/install/arduinobot_remote/lib:/home/raz/projects/manipulator-project/arduinobot_ws/install/arduinobot_cpp_examples/lib:/home/raz/projects/manipulator-project/Arduino-Bot/arduinobot_ws/install/arduinobot_remote/lib:/home/raz/projects/manipulator-project/Arduino-Bot/arduinobot_ws/install/arduinobot_cpp_examples/lib:/home/raz/projects/manipulator-project/Arduino-Bot/arduinobot_ws/install/arduinobot_msgs/lib:/home/raz/projects/manipulator-project/Arduino-Bot/arduinobot_ws/install/arduinobot_controller/lib:/home/raz/ext/ParticleMesher/ParticleMesherPy:/usr/local/cuda-12.6/lib64:/usr/local/lib:/usr/lib/x86_64-linux-gnu:/usr/local/cuda-12.6/lib64:/usr/local/lib:/usr/lib/x86_64-linux-gnu:/home/raz/projects/manipulator-project/arduinobot_ws/install/arduinobot_msgs/lib:/opt/ros/humble/opt/rviz_ogre_vendor/lib:/opt/ros/humble/lib/x86_64-linux-gnu:/usr/share/gurumdds/cmake/../../../lib:/opt/ros/humble/lib:/usr/local/cuda/lib64:/usr/local/cuda/lib64 /usr/local/bin/cmake --build /home/raz/projects/ros2_advanced_concepts/ros2_ws/build/actions_cpp -- -j12 -l12[0m
[26.745s] [34mcolcon.colcon_core.event_handler.log_command[0m [1;30mDEBUG[0m [32mInvoked command in '/home/raz/projects/ros2_advanced_concepts/ros2_ws/build/actions_cpp' returned '0': CMAKE_PREFIX_PATH=/home/raz/projects/ros2_advanced_concepts/ros2_ws/install/my_robot_interfaces:/home/raz/projects/ros2_advanced_concepts/ros2_ws/install/actions_cpp:/home/raz/projects/manipulator-project/Arduino-Bot/arduinobot_ws/install/arduinobot_utils:/home/raz/projects/manipulator-project/Arduino-Bot/arduinobot_ws/install/arduinobot_bringup:/home/raz/projects/manipulator-project/Arduino-Bot/arduinobot_ws/install/arduinobot_remote:/home/raz/projects/manipulator-project/Arduino-Bot/arduinobot_ws/install/arduinobot_cpp_examples:/home/raz/projects/manipulator-project/Arduino-Bot/arduinobot_ws/install/arduinobot_msgs:/home/raz/projects/manipulator-project/Arduino-Bot/arduinobot_ws/install/arduinobot_moveit:/home/raz/projects/manipulator-project/Arduino-Bot/arduinobot_ws/install/arduinobot_firmware:/home/raz/projects/manipulator-project/Arduino-Bot/arduinobot_ws/install/arduinobot_controller:/home/raz/projects/manipulator-project/Arduino-Bot/arduinobot_ws/install/arduinobot_description:/home/raz/ros2_ws/install/manipulator_urdf:/home/raz/projects/manipulator-project/arduinobot_ws/install/arduinobot_utils:/home/raz/projects/manipulator-project/arduinobot_ws/install/arduinobot_remote:/home/raz/projects/manipulator-project/arduinobot_ws/install/arduinobot_cpp_examples:/home/raz/projects/manipulator-project/arduinobot_ws/install/arduinobot_msgs:/home/raz/projects/manipulator-project/arduinobot_ws/install/arduinobot_moveit:/home/raz/projects/manipulator-project/arduinobot_ws/install/arduinobot_firmware:/home/raz/projects/manipulator-project/arduinobot_ws/install/arduinobot_description:/home/raz/projects/manipulator-project/arduinobot_ws/install/arduinobot_controller:/home/raz/projects/manipulator-project/arduinobot_ws/install/arduinobot_bringup:/home/raz/projects/ros2_robotics_simulation/ros2_ws/install/my_robot_bringup:/home/raz/projects/ros2_robotics_simulation/ros2_ws/install/my_robot_description:/home/raz/projects/ros2_advanced_concepts/ros2_ws/install/actions_py:/home/raz/projects/manipulator-project/Arduino-Bot/arduinobot_ws/install/arduinobot_py_examples:/home/raz/ros2_ws/install/centerofmass_detection:/home/raz/projects/manipulator-project/arduinobot_ws/install/arduinobot_py_examples:/opt/ros/humble LD_LIBRARY_PATH=/home/raz/projects/ros2_advanced_concepts/ros2_ws/install/my_robot_interfaces/lib:/home/raz/projects/manipulator-project/arduinobot_ws/install/arduinobot_controller/lib:/home/raz/projects/manipulator-project/arduinobot_ws/install/arduinobot_remote/lib:/home/raz/projects/manipulator-project/arduinobot_ws/install/arduinobot_cpp_examples/lib:/home/raz/projects/manipulator-project/Arduino-Bot/arduinobot_ws/install/arduinobot_remote/lib:/home/raz/projects/manipulator-project/Arduino-Bot/arduinobot_ws/install/arduinobot_cpp_examples/lib:/home/raz/projects/manipulator-project/Arduino-Bot/arduinobot_ws/install/arduinobot_msgs/lib:/home/raz/projects/manipulator-project/Arduino-Bot/arduinobot_ws/install/arduinobot_controller/lib:/home/raz/ext/ParticleMesher/ParticleMesherPy:/usr/local/cuda-12.6/lib64:/usr/local/lib:/usr/lib/x86_64-linux-gnu:/usr/local/cuda-12.6/lib64:/usr/local/lib:/usr/lib/x86_64-linux-gnu:/home/raz/projects/manipulator-project/arduinobot_ws/install/arduinobot_msgs/lib:/opt/ros/humble/opt/rviz_ogre_vendor/lib:/opt/ros/humble/lib/x86_64-linux-gnu:/usr/share/gurumdds/cmake/../../../lib:/opt/ros/humble/lib:/usr/local/cuda/lib64:/usr/local/cuda/lib64 /usr/local/bin/cmake --build /home/raz/projects/ros2_advanced_concepts/ros2_ws/build/actions_cpp -- -j12 -l12[0m
[26.748s] [34mcolcon.colcon_core.event_handler.log_command[0m [1;30mDEBUG[0m [32mInvoking command in '/home/raz/projects/ros2_advanced_concepts/ros2_ws/build/actions_cpp': CMAKE_PREFIX_PATH=/home/raz/projects/ros2_advanced_concepts/ros2_ws/install/my_robot_interfaces:/home/raz/projects/ros2_advanced_concepts/ros2_ws/install/actions_cpp:/home/raz/projects/manipulator-project/Arduino-Bot/arduinobot_ws/install/arduinobot_utils:/home/raz/projects/manipulator-project/Arduino-Bot/arduinobot_ws/install/arduinobot_bringup:/home/raz/projects/manipulator-project/Arduino-Bot/arduinobot_ws/install/arduinobot_remote:/home/raz/projects/manipulator-project/Arduino-Bot/arduinobot_ws/install/arduinobot_cpp_examples:/home/raz/projects/manipulator-project/Arduino-Bot/arduinobot_ws/install/arduinobot_msgs:/home/raz/projects/manipulator-project/Arduino-Bot/arduinobot_ws/install/arduinobot_moveit:/home/raz/projects/manipulator-project/Arduino-Bot/arduinobot_ws/install/arduinobot_firmware:/home/raz/projects/manipulator-project/Arduino-Bot/arduinobot_ws/install/arduinobot_controller:/home/raz/projects/manipulator-project/Arduino-Bot/arduinobot_ws/install/arduinobot_description:/home/raz/ros2_ws/install/manipulator_urdf:/home/raz/projects/manipulator-project/arduinobot_ws/install/arduinobot_utils:/home/raz/projects/manipulator-project/arduinobot_ws/install/arduinobot_remote:/home/raz/projects/manipulator-project/arduinobot_ws/install/arduinobot_cpp_examples:/home/raz/projects/manipulator-project/arduinobot_ws/install/arduinobot_msgs:/home/raz/projects/manipulator-project/arduinobot_ws/install/arduinobot_moveit:/home/raz/projects/manipulator-project/arduinobot_ws/install/arduinobot_firmware:/home/raz/projects/manipulator-project/arduinobot_ws/install/arduinobot_description:/home/raz/projects/manipulator-project/arduinobot_ws/install/arduinobot_controller:/home/raz/projects/manipulator-project/arduinobot_ws/install/arduinobot_bringup:/home/raz/projects/ros2_robotics_simulation/ros2_ws/install/my_robot_bringup:/home/raz/projects/ros2_robotics_simulation/ros2_ws/install/my_robot_description:/home/raz/projects/ros2_advanced_concepts/ros2_ws/install/actions_py:/home/raz/projects/manipulator-project/Arduino-Bot/arduinobot_ws/install/arduinobot_py_examples:/home/raz/ros2_ws/install/centerofmass_detection:/home/raz/projects/manipulator-project/arduinobot_ws/install/arduinobot_py_examples:/opt/ros/humble LD_LIBRARY_PATH=/home/raz/projects/ros2_advanced_concepts/ros2_ws/install/my_robot_interfaces/lib:/home/raz/projects/manipulator-project/arduinobot_ws/install/arduinobot_controller/lib:/home/raz/projects/manipulator-project/arduinobot_ws/install/arduinobot_remote/lib:/home/raz/projects/manipulator-project/arduinobot_ws/install/arduinobot_cpp_examples/lib:/home/raz/projects/manipulator-project/Arduino-Bot/arduinobot_ws/install/arduinobot_remote/lib:/home/raz/projects/manipulator-project/Arduino-Bot/arduinobot_ws/install/arduinobot_cpp_examples/lib:/home/raz/projects/manipulator-project/Arduino-Bot/arduinobot_ws/install/arduinobot_msgs/lib:/home/raz/projects/manipulator-project/Arduino-Bot/arduinobot_ws/install/arduinobot_controller/lib:/home/raz/ext/ParticleMesher/ParticleMesherPy:/usr/local/cuda-12.6/lib64:/usr/local/lib:/usr/lib/x86_64-linux-gnu:/usr/local/cuda-12.6/lib64:/usr/local/lib:/usr/lib/x86_64-linux-gnu:/home/raz/projects/manipulator-project/arduinobot_ws/install/arduinobot_msgs/lib:/opt/ros/humble/opt/rviz_ogre_vendor/lib:/opt/ros/humble/lib/x86_64-linux-gnu:/usr/share/gurumdds/cmake/../../../lib:/opt/ros/humble/lib:/usr/local/cuda/lib64:/usr/local/cuda/lib64 /usr/local/bin/cmake --install /home/raz/projects/ros2_advanced_concepts/ros2_ws/build/actions_cpp[0m
[27.207s] [34mcolcon.colcon_core.environment[0m [1;30mLevel 1[0m create_environment_scripts_only(actions_cpp)
[27.207s] [34mcolcon.colcon_core.event_handler.log_command[0m [1;30mDEBUG[0m [32mInvoked command in '/home/raz/projects/ros2_advanced_concepts/ros2_ws/build/actions_cpp' returned '0': CMAKE_PREFIX_PATH=/home/raz/projects/ros2_advanced_concepts/ros2_ws/install/my_robot_interfaces:/home/raz/projects/ros2_advanced_concepts/ros2_ws/install/actions_cpp:/home/raz/projects/manipulator-project/Arduino-Bot/arduinobot_ws/install/arduinobot_utils:/home/raz/projects/manipulator-project/Arduino-Bot/arduinobot_ws/install/arduinobot_bringup:/home/raz/projects/manipulator-project/Arduino-Bot/arduinobot_ws/install/arduinobot_remote:/home/raz/projects/manipulator-project/Arduino-Bot/arduinobot_ws/install/arduinobot_cpp_examples:/home/raz/projects/manipulator-project/Arduino-Bot/arduinobot_ws/install/arduinobot_msgs:/home/raz/projects/manipulator-project/Arduino-Bot/arduinobot_ws/install/arduinobot_moveit:/home/raz/projects/manipulator-project/Arduino-Bot/arduinobot_ws/install/arduinobot_firmware:/home/raz/projects/manipulator-project/Arduino-Bot/arduinobot_ws/install/arduinobot_controller:/home/raz/projects/manipulator-project/Arduino-Bot/arduinobot_ws/install/arduinobot_description:/home/raz/ros2_ws/install/manipulator_urdf:/home/raz/projects/manipulator-project/arduinobot_ws/install/arduinobot_utils:/home/raz/projects/manipulator-project/arduinobot_ws/install/arduinobot_remote:/home/raz/projects/manipulator-project/arduinobot_ws/install/arduinobot_cpp_examples:/home/raz/projects/manipulator-project/arduinobot_ws/install/arduinobot_msgs:/home/raz/projects/manipulator-project/arduinobot_ws/install/arduinobot_moveit:/home/raz/projects/manipulator-project/arduinobot_ws/install/arduinobot_firmware:/home/raz/projects/manipulator-project/arduinobot_ws/install/arduinobot_description:/home/raz/projects/manipulator-project/arduinobot_ws/install/arduinobot_controller:/home/raz/projects/manipulator-project/arduinobot_ws/install/arduinobot_bringup:/home/raz/projects/ros2_robotics_simulation/ros2_ws/install/my_robot_bringup:/home/raz/projects/ros2_robotics_simulation/ros2_ws/install/my_robot_description:/home/raz/projects/ros2_advanced_concepts/ros2_ws/install/actions_py:/home/raz/projects/manipulator-project/Arduino-Bot/arduinobot_ws/install/arduinobot_py_examples:/home/raz/ros2_ws/install/centerofmass_detection:/home/raz/projects/manipulator-project/arduinobot_ws/install/arduinobot_py_examples:/opt/ros/humble LD_LIBRARY_PATH=/home/raz/projects/ros2_advanced_concepts/ros2_ws/install/my_robot_interfaces/lib:/home/raz/projects/manipulator-project/arduinobot_ws/install/arduinobot_controller/lib:/home/raz/projects/manipulator-project/arduinobot_ws/install/arduinobot_remote/lib:/home/raz/projects/manipulator-project/arduinobot_ws/install/arduinobot_cpp_examples/lib:/home/raz/projects/manipulator-project/Arduino-Bot/arduinobot_ws/install/arduinobot_remote/lib:/home/raz/projects/manipulator-project/Arduino-Bot/arduinobot_ws/install/arduinobot_cpp_examples/lib:/home/raz/projects/manipulator-project/Arduino-Bot/arduinobot_ws/install/arduinobot_msgs/lib:/home/raz/projects/manipulator-project/Arduino-Bot/arduinobot_ws/install/arduinobot_controller/lib:/home/raz/ext/ParticleMesher/ParticleMesherPy:/usr/local/cuda-12.6/lib64:/usr/local/lib:/usr/lib/x86_64-linux-gnu:/usr/local/cuda-12.6/lib64:/usr/local/lib:/usr/lib/x86_64-linux-gnu:/home/raz/projects/manipulator-project/arduinobot_ws/install/arduinobot_msgs/lib:/opt/ros/humble/opt/rviz_ogre_vendor/lib:/opt/ros/humble/lib/x86_64-linux-gnu:/usr/share/gurumdds/cmake/../../../lib:/opt/ros/humble/lib:/usr/local/cuda/lib64:/usr/local/cuda/lib64 /usr/local/bin/cmake --install /home/raz/projects/ros2_advanced_concepts/ros2_ws/build/actions_cpp[0m
[27.602s] [34mcolcon.colcon_core.environment[0m [1;30mLevel 1[0m checking '/home/raz/projects/ros2_advanced_concepts/ros2_ws/install/actions_cpp' for CMake module files
[27.603s] [34mcolcon.colcon_core.environment[0m [1;30mLevel 1[0m checking '/home/raz/projects/ros2_advanced_concepts/ros2_ws/install/actions_cpp' for CMake config files
[27.603s] [34mcolcon.colcon_core.shell[0m [1;30mLevel 1[0m create_environment_hook('actions_cpp', 'cmake_prefix_path')
[27.604s] [34mcolcon.colcon_core.shell[0m [1;30mINFO[0m Creating environment hook '/home/raz/projects/ros2_advanced_concepts/ros2_ws/install/actions_cpp/share/actions_cpp/hook/cmake_prefix_path.ps1'
[27.667s] [34mcolcon.colcon_core.shell[0m [1;30mINFO[0m Creating environment descriptor '/home/raz/projects/ros2_advanced_concepts/ros2_ws/install/actions_cpp/share/actions_cpp/hook/cmake_prefix_path.dsv'
[27.723s] [34mcolcon.colcon_core.shell[0m [1;30mINFO[0m Creating environment hook '/home/raz/projects/ros2_advanced_concepts/ros2_ws/install/actions_cpp/share/actions_cpp/hook/cmake_prefix_path.sh'
[27.731s] [34mcolcon.colcon_core.environment[0m [1;30mLevel 1[0m checking '/home/raz/projects/ros2_advanced_concepts/ros2_ws/install/actions_cpp/lib'
[27.732s] [34mcolcon.colcon_core.environment[0m [1;30mLevel 1[0m checking '/home/raz/projects/ros2_advanced_concepts/ros2_ws/install/actions_cpp/bin'
[27.732s] [34mcolcon.colcon_core.environment[0m [1;30mLevel 1[0m checking '/home/raz/projects/ros2_advanced_concepts/ros2_ws/install/actions_cpp/lib/pkgconfig/actions_cpp.pc'
[27.732s] [34mcolcon.colcon_core.environment[0m [1;30mLevel 1[0m checking '/home/raz/projects/ros2_advanced_concepts/ros2_ws/install/actions_cpp/lib/python3.10/site-packages'
[27.732s] [34mcolcon.colcon_core.environment[0m [1;30mLevel 1[0m checking '/home/raz/projects/ros2_advanced_concepts/ros2_ws/install/actions_cpp/bin'
[27.733s] [34mcolcon.colcon_core.shell[0m [1;30mINFO[0m Creating package script '/home/raz/projects/ros2_advanced_concepts/ros2_ws/install/actions_cpp/share/actions_cpp/package.ps1'
[27.734s] [34mcolcon.colcon_core.shell[0m [1;30mINFO[0m Creating package descriptor '/home/raz/projects/ros2_advanced_concepts/ros2_ws/install/actions_cpp/share/actions_cpp/package.dsv'
[27.735s] [34mcolcon.colcon_core.shell[0m [1;30mINFO[0m Creating package script '/home/raz/projects/ros2_advanced_concepts/ros2_ws/install/actions_cpp/share/actions_cpp/package.sh'
[27.735s] [34mcolcon.colcon_core.shell[0m [1;30mINFO[0m Creating package script '/home/raz/projects/ros2_advanced_concepts/ros2_ws/install/actions_cpp/share/actions_cpp/package.bash'
[27.788s] [34mcolcon.colcon_core.shell[0m [1;30mINFO[0m Creating package script '/home/raz/projects/ros2_advanced_concepts/ros2_ws/install/actions_cpp/share/actions_cpp/package.zsh'
[27.846s] [34mcolcon.colcon_core.environment[0m [1;30mLevel 1[0m create_file_with_runtime_dependencies(/home/raz/projects/ros2_advanced_concepts/ros2_ws/install/actions_cpp/share/colcon-core/packages/actions_cpp)
[27.847s] [34mcolcon.colcon_core.environment[0m [1;30mLevel 1[0m create_environment_scripts_only(actions_cpp)
[27.847s] [34mcolcon.colcon_core.environment[0m [1;30mLevel 1[0m checking '/home/raz/projects/ros2_advanced_concepts/ros2_ws/install/actions_cpp' for CMake module files
[27.847s] [34mcolcon.colcon_core.environment[0m [1;30mLevel 1[0m checking '/home/raz/projects/ros2_advanced_concepts/ros2_ws/install/actions_cpp' for CMake config files
[27.847s] [34mcolcon.colcon_core.shell[0m [1;30mLevel 1[0m create_environment_hook('actions_cpp', 'cmake_prefix_path')
[27.848s] [34mcolcon.colcon_core.shell[0m [1;30mINFO[0m Creating environment hook '/home/raz/projects/ros2_advanced_concepts/ros2_ws/install/actions_cpp/share/actions_cpp/hook/cmake_prefix_path.ps1'
[27.848s] [34mcolcon.colcon_core.shell[0m [1;30mINFO[0m Creating environment descriptor '/home/raz/projects/ros2_advanced_concepts/ros2_ws/install/actions_cpp/share/actions_cpp/hook/cmake_prefix_path.dsv'
[27.848s] [34mcolcon.colcon_core.shell[0m [1;30mINFO[0m Creating environment hook '/home/raz/projects/ros2_advanced_concepts/ros2_ws/install/actions_cpp/share/actions_cpp/hook/cmake_prefix_path.sh'
[27.848s] [34mcolcon.colcon_core.environment[0m [1;30mLevel 1[0m checking '/home/raz/projects/ros2_advanced_concepts/ros2_ws/install/actions_cpp/lib'
[27.848s] [34mcolcon.colcon_core.environment[0m [1;30mLevel 1[0m checking '/home/raz/projects/ros2_advanced_concepts/ros2_ws/install/actions_cpp/bin'
[27.849s] [34mcolcon.colcon_core.environment[0m [1;30mLevel 1[0m checking '/home/raz/projects/ros2_advanced_concepts/ros2_ws/install/actions_cpp/lib/pkgconfig/actions_cpp.pc'
[27.849s] [34mcolcon.colcon_core.environment[0m [1;30mLevel 1[0m checking '/home/raz/projects/ros2_advanced_concepts/ros2_ws/install/actions_cpp/lib/python3.10/site-packages'
[27.849s] [34mcolcon.colcon_core.environment[0m [1;30mLevel 1[0m checking '/home/raz/projects/ros2_advanced_concepts/ros2_ws/install/actions_cpp/bin'
[27.849s] [34mcolcon.colcon_core.shell[0m [1;30mINFO[0m Creating package script '/home/raz/projects/ros2_advanced_concepts/ros2_ws/install/actions_cpp/share/actions_cpp/package.ps1'
[27.850s] [34mcolcon.colcon_core.shell[0m [1;30mINFO[0m Creating package descriptor '/home/raz/projects/ros2_advanced_concepts/ros2_ws/install/actions_cpp/share/actions_cpp/package.dsv'
[27.850s] [34mcolcon.colcon_core.shell[0m [1;30mINFO[0m Creating package script '/home/raz/projects/ros2_advanced_concepts/ros2_ws/install/actions_cpp/share/actions_cpp/package.sh'
[27.850s] [34mcolcon.colcon_core.shell[0m [1;30mINFO[0m Creating package script '/home/raz/projects/ros2_advanced_concepts/ros2_ws/install/actions_cpp/share/actions_cpp/package.bash'
[27.850s] [34mcolcon.colcon_core.shell[0m [1;30mINFO[0m Creating package script '/home/raz/projects/ros2_advanced_concepts/ros2_ws/install/actions_cpp/share/actions_cpp/package.zsh'
[27.869s] [34mcolcon.colcon_core.environment[0m [1;30mLevel 1[0m create_file_with_runtime_dependencies(/home/raz/projects/ros2_advanced_concepts/ros2_ws/install/actions_cpp/share/colcon-core/packages/actions_cpp)
[27.869s] [34mcolcon.colcon_parallel_executor.executor.parallel[0m [1;30mDEBUG[0m [32mclosing loop[0m
[27.870s] [34mcolcon.colcon_parallel_executor.executor.parallel[0m [1;30mDEBUG[0m [32mloop closed[0m
[27.870s] [34mcolcon.colcon_parallel_executor.executor.parallel[0m [1;30mDEBUG[0m [32mrun_until_complete finished with '0'[0m
[27.870s] [34mcolcon.colcon_core.event_reactor[0m [1;30mDEBUG[0m [32mjoining thread[0m
[28.938s] [34mcolcon.colcon_core.plugin_system[0m [1;30mINFO[0m Skipping extension 'colcon_notification.desktop_notification.terminal_notifier': Not used on non-Darwin systems
[28.938s] [34mcolcon.colcon_core.plugin_system[0m [1;30mINFO[0m Skipping extension 'colcon_notification.desktop_notification.win32': Not used on non-Windows systems
[28.938s] [34mcolcon.colcon_notification.desktop_notification[0m [1;30mINFO[0m Sending desktop notification using 'notify2'
[29.733s] [34mcolcon.colcon_core.event_reactor[0m [1;30mDEBUG[0m [32mjoined thread[0m
[29.734s] [34mcolcon.colcon_core.shell[0m [1;30mINFO[0m Creating prefix script '/home/raz/projects/ros2_advanced_concepts/ros2_ws/install/local_setup.ps1'
[29.953s] [34mcolcon.colcon_core.shell[0m [1;30mINFO[0m Creating prefix util module '/home/raz/projects/ros2_advanced_concepts/ros2_ws/install/_local_setup_util_ps1.py'
[30.036s] [34mcolcon.colcon_core.shell[0m [1;30mINFO[0m Creating prefix chain script '/home/raz/projects/ros2_advanced_concepts/ros2_ws/install/setup.ps1'
[30.128s] [34mcolcon.colcon_core.shell[0m [1;30mINFO[0m Creating prefix script '/home/raz/projects/ros2_advanced_concepts/ros2_ws/install/local_setup.sh'
[30.182s] [34mcolcon.colcon_core.shell[0m [1;30mINFO[0m Creating prefix util module '/home/raz/projects/ros2_advanced_concepts/ros2_ws/install/_local_setup_util_sh.py'
[30.201s] [34mcolcon.colcon_core.shell[0m [1;30mINFO[0m Creating prefix chain script '/home/raz/projects/ros2_advanced_concepts/ros2_ws/install/setup.sh'
[30.367s] [34mcolcon.colcon_core.shell[0m [1;30mINFO[0m Creating prefix script '/home/raz/projects/ros2_advanced_concepts/ros2_ws/install/local_setup.bash'
[30.610s] [34mcolcon.colcon_core.shell[0m [1;30mINFO[0m Creating prefix chain script '/home/raz/projects/ros2_advanced_concepts/ros2_ws/install/setup.bash'
[30.733s] [34mcolcon.colcon_core.shell[0m [1;30mINFO[0m Creating prefix script '/home/raz/projects/ros2_advanced_concepts/ros2_ws/install/local_setup.zsh'
[30.839s] [34mcolcon.colcon_core.shell[0m [1;30mINFO[0m Creating prefix chain script '/home/raz/projects/ros2_advanced_concepts/ros2_ws/install/setup.zsh'
