-- Found ament_cmake: 1.3.11 (/opt/ros/humble/share/ament_cmake/cmake)
-- Override CMake install command with custom implementation using symlinks instead of copying resources
-- Found rclcpp: 16.0.11 (/opt/ros/humble/share/rclcpp/cmake)
-- Found rosidl_generator_c: 3.1.6 (/opt/ros/humble/share/rosidl_generator_c/cmake)
-- Found rosidl_adapter: 3.1.6 (/opt/ros/humble/share/rosidl_adapter/cmake)
-- Found rosidl_generator_cpp: 3.1.6 (/opt/ros/humble/share/rosidl_generator_cpp/cmake)
-- Using all available rosidl_typesupport_c: rosidl_typesupport_fastrtps_c;rosidl_typesupport_introspection_c
-- Using all available rosidl_typesupport_cpp: rosidl_typesupport_fastrtps_cpp;rosidl_typesupport_introspection_cpp
-- Found rmw_implementation_cmake: 6.1.2 (/opt/ros/humble/share/rmw_implementation_cmake/cmake)
-- Found rmw_cyclonedds_cpp: 1.3.4 (/opt/ros/humble/share/rmw_cyclonedds_cpp/cmake)
-- Using RMW implementation 'rmw_cyclonedds_cpp' as default
-- Found rclcpp_action: 16.0.11 (/opt/ros/humble/share/rclcpp_action/cmake)
-- Found my_robot_interfaces: 0.0.0 (/home/raz/projects/ros2_advanced_concepts/ros2_ws/install/my_robot_interfaces/share/my_robot_interfaces/cmake)
-- Configuring done (3.7s)
-- Generating done (0.1s)
-- Build files have been written to: /home/raz/projects/ros2_advanced_concepts/ros2_ws/build/actions_cpp
[ 16%] [32mBuilding CXX object CMakeFiles/count_until_server_queue_goals.dir/src/count_until_server_queue_goals.cpp.o[0m
[ 50%] Built target count_until_client
[ 66%] [32mBuilding CXX object CMakeFiles/count_until_server.dir/src/count_until_server.cpp.o[0m
[01m[K/home/raz/projects/ros2_advanced_concepts/ros2_ws/src/actions_cpp/src/count_until_server_queue_goals.cpp:[m[K In member function ‘[01m[Kvoid CountUntilServerNode::run_goal_queue_thread()[m[K’:
[01m[K/home/raz/projects/ros2_advanced_concepts/ros2_ws/src/actions_cpp/src/count_until_server_queue_goals.cpp:91:28:[m[K [01;31m[Kerror: [m[Kexpected primary-expression before ‘[01m[K.[m[K’ token
   91 |             if (next_goal){[01;31m[K.[m[Kget_logger(), "Executing next goal in queue."
      |                            [01;31m[K^[m[K
gmake[2]: *** [CMakeFiles/count_until_server_queue_goals.dir/build.make:76: CMakeFiles/count_until_server_queue_goals.dir/src/count_until_server_queue_goals.cpp.o] Error 1
gmake[1]: *** [CMakeFiles/Makefile2:167: CMakeFiles/count_until_server_queue_goals.dir/all] Error 2
gmake[1]: *** Waiting for unfinished jobs....
[ 83%] [32m[1mLinking CXX executable count_until_server[0m
[ 83%] Built target count_until_server
gmake: *** [Makefile:146: all] Error 2
